<?xml version="1.0" encoding="UTF-8"?>
<testsuite name="unit.client.controller.UserControllerTest" time="0.412" tests="4" errors="0" skipped="0" failures="2">
  <properties>
    <property name="java.runtime.name" value="Java(TM) SE Runtime Environment"/>
    <property name="sun.boot.library.path" value="E:\JAVA JDK\jre\bin"/>
    <property name="java.vm.version" value="25.121-b13"/>
    <property name="java.vm.vendor" value="Oracle Corporation"/>
    <property name="maven.multiModuleProjectDirectory" value="E:\PizzaOrder\RestService"/>
    <property name="java.vendor.url" value="http://java.oracle.com/"/>
    <property name="path.separator" value=";"/>
    <property name="guice.disable.misplaced.annotation.check" value="true"/>
    <property name="java.vm.name" value="Java HotSpot(TM) 64-Bit Server VM"/>
    <property name="file.encoding.pkg" value="sun.io"/>
    <property name="user.script" value=""/>
    <property name="user.country" value="US"/>
    <property name="sun.java.launcher" value="SUN_STANDARD"/>
    <property name="sun.os.patch.level" value=""/>
    <property name="java.vm.specification.name" value="Java Virtual Machine Specification"/>
    <property name="user.dir" value="E:\PizzaOrder\RestService"/>
    <property name="java.runtime.version" value="1.8.0_121-b13"/>
    <property name="java.awt.graphicsenv" value="sun.awt.Win32GraphicsEnvironment"/>
    <property name="java.endorsed.dirs" value="E:\JAVA JDK\jre\lib\endorsed"/>
    <property name="os.arch" value="amd64"/>
    <property name="java.io.tmpdir" value="C:\Users\Jakub\AppData\Local\Temp\"/>
    <property name="line.separator" value="&#10;"/>
    <property name="java.vm.specification.vendor" value="Oracle Corporation"/>
    <property name="user.variant" value=""/>
    <property name="os.name" value="Windows 8.1"/>
    <property name="classworlds.conf" value="E:\Maven\bin\..\bin\m2.conf"/>
    <property name="sun.jnu.encoding" value="Cp1250"/>
    <property name="java.library.path" value="E:\JAVA JDK\bin;C:\Windows\Sun\Java\bin;C:\Windows\system32;C:\Windows;C:\Users\Jakub\Desktop\cmder\bin;C:\Users\Jakub\Desktop\cmder\vendor\conemu-maximus5\ConEmu\Scripts;C:\Users\Jakub\Desktop\cmder\vendor\conemu-maximus5;C:\Users\Jakub\Desktop\cmder\vendor\conemu-maximus5\ConEmu;E:\Spring cli\spring-boot-cli-1.5.2.RELEASE-bin\spring-1.5.2.RELEASE\bin;E:\spring-roo-1.3.2.RELEASE\spring-roo-1.3.2.RELEASE\bin;C:\ProgramData\Oracle\Java\javapath;C:\Program Files (x86)\NVIDIA Corporation\PhysX\Common;C:\Windows\system32;C:\Windows;C:\Windows\System32\Wbem;C:\Windows\System32\WindowsPowerShell\v1.0\;C:\Program Files (x86)\AMD\ATI.ACE\Core-Static;E:\JAVA JDK\bin;C:\Program Files\MySQL\MySQL Utilities 1.6\;E:\Git\cmd;C:\Program Files (x86)\Skype\Phone\;E:\Maven\bin;E:\Spring cli\spring-boot-cli-1.5.2.RELEASE-bin\spring-1.5.2.RELEASE\bin;E:\Heroku\bin;E:\Ruby23-x64\bin;C:\Program Files\PostgreSQL\9.6\bin;E:\Git\usr\bin;E:\Git\usr\share\vim\vim74;C:\Users\Jakub\Desktop\cmder\;."/>
    <property name="java.specification.name" value="Java Platform API Specification"/>
    <property name="java.class.version" value="52.0"/>
    <property name="sun.management.compiler" value="HotSpot 64-Bit Tiered Compilers"/>
    <property name="os.version" value="6.3"/>
    <property name="user.home" value="C:\Users\Jakub"/>
    <property name="user.timezone" value="Europe/Belgrade"/>
    <property name="java.awt.printerjob" value="sun.awt.windows.WPrinterJob"/>
    <property name="java.specification.version" value="1.8"/>
    <property name="file.encoding" value="Cp1250"/>
    <property name="user.name" value="Jakub"/>
    <property name="java.class.path" value="E:\Maven\bin\..\boot\plexus-classworlds-2.5.2.jar"/>
    <property name="java.vm.specification.version" value="1.8"/>
    <property name="sun.arch.data.model" value="64"/>
    <property name="java.home" value="E:\JAVA JDK\jre"/>
    <property name="sun.java.command" value="org.codehaus.plexus.classworlds.launcher.Launcher package"/>
    <property name="java.specification.vendor" value="Oracle Corporation"/>
    <property name="user.language" value="en"/>
    <property name="awt.toolkit" value="sun.awt.windows.WToolkit"/>
    <property name="java.vm.info" value="mixed mode"/>
    <property name="java.version" value="1.8.0_121"/>
    <property name="java.ext.dirs" value="E:\JAVA JDK\jre\lib\ext;C:\Windows\Sun\Java\lib\ext"/>
    <property name="sun.boot.class.path" value="E:\JAVA JDK\jre\lib\resources.jar;E:\JAVA JDK\jre\lib\rt.jar;E:\JAVA JDK\jre\lib\sunrsasign.jar;E:\JAVA JDK\jre\lib\jsse.jar;E:\JAVA JDK\jre\lib\jce.jar;E:\JAVA JDK\jre\lib\charsets.jar;E:\JAVA JDK\jre\lib\jfr.jar;E:\JAVA JDK\jre\classes"/>
    <property name="sun.stderr.encoding" value="cp852"/>
    <property name="java.vendor" value="Oracle Corporation"/>
    <property name="maven.home" value="E:\Maven\bin\.."/>
    <property name="file.separator" value="\"/>
    <property name="java.vendor.url.bug" value="http://bugreport.sun.com/bugreport/"/>
    <property name="sun.cpu.endian" value="little"/>
    <property name="sun.io.unicode.encoding" value="UnicodeLittle"/>
    <property name="sun.stdout.encoding" value="cp852"/>
    <property name="sun.desktop" value="windows"/>
    <property name="sun.cpu.isalist" value="amd64"/>
  </properties>
  <testcase name="post_new_user" classname="unit.client.controller.UserControllerTest" time="0.062"/>
  <testcase name="show_registration_form" classname="unit.client.controller.UserControllerTest" time="0.26">
    <failure message="Model attribute &apos;nonActivatedUser&apos;&#10;Expected: (hasProperty(&quot;id&quot;, null) and hasProperty(&quot;username&quot;, null) and hasProperty(&quot;password&quot;, null) and hasProperty(&quot;mail&quot;, null) and hasProperty(&quot;phone&quot;, is &lt;0&gt;) and hasProperty(&quot;role&quot;, null))&#10;     but: hasProperty(&quot;phone&quot;, is &lt;0&gt;) property &apos;phone&apos; was null" type="java.lang.AssertionError"><![CDATA[java.lang.AssertionError: Model attribute 'nonActivatedUser'
Expected: (hasProperty("id", null) and hasProperty("username", null) and hasProperty("password", null) and hasProperty("mail", null) and hasProperty("phone", is <0>) and hasProperty("role", null))
     but: hasProperty("phone", is <0>) property 'phone' was null
	at org.hamcrest.MatcherAssert.assertThat(MatcherAssert.java:20)
	at org.springframework.test.web.servlet.result.ModelResultMatchers$1.match(ModelResultMatchers.java:58)
	at org.springframework.test.web.servlet.MockMvc$1.andExpect(MockMvc.java:171)
	at unit.client.controller.UserControllerTest.show_registration_form(UserControllerTest.java:76)
]]></failure>
    <system-out><![CDATA[15:05:09.457 [main] DEBUG org.springframework.test.annotation.ProfileValueUtils - Retrieved @ProfileValueSourceConfiguration [null] for test class [unit.client.controller.UserControllerTest]
15:05:09.457 [main] DEBUG org.springframework.test.annotation.ProfileValueUtils - Retrieved ProfileValueSource type [class org.springframework.test.annotation.SystemProfileValueSource] for class [unit.client.controller.UserControllerTest]
15:05:09.457 [main] DEBUG org.springframework.test.context.cache.DefaultCacheAwareContextLoaderDelegate - Retrieved ApplicationContext from cache with key [[WebMergedContextConfiguration@62fee9c3 testClass = UserControllerTest, locations = '{}', classes = '{class pizzaOrder.Application}', contextInitializerClasses = '[]', activeProfiles = '{}', propertySourceLocations = '{}', propertySourceProperties = '{}', contextCustomizers = set[org.springframework.boot.test.context.filter.ExcludeFilterContextCustomizer@4a87761d, org.springframework.boot.test.mock.mockito.MockitoContextCustomizer@1bdc315c, org.springframework.boot.test.autoconfigure.properties.PropertyMappingContextCustomizer@0, org.springframework.boot.test.autoconfigure.web.servlet.WebDriverContextCustomizerFactory$Customizer@eb21112, org.springframework.test.context.web.socket.MockServerContainerContextCustomizer@706a04ae], resourceBasePath = 'src/main/webapp', contextLoader = 'org.springframework.test.context.web.WebDelegatingSmartContextLoader', parent = [null]]]
15:05:09.457 [main] DEBUG org.springframework.test.context.cache - Spring test ApplicationContext cache statistics: [DefaultContextCache@6109d880 size = 5, maxSize = 32, parentContextCount = 0, hitCount = 149, missCount = 5]
15:05:09.457 [main] DEBUG org.springframework.test.context.web.ServletTestExecutionListener - Setting up MockHttpServletRequest, MockHttpServletResponse, ServletWebRequest, and RequestContextHolder for test context [DefaultTestContext@13453610 testClass = UserControllerTest, testInstance = unit.client.controller.UserControllerTest@2c47135c, testMethod = [null], testException = [null], mergedContextConfiguration = [WebMergedContextConfiguration@62fee9c3 testClass = UserControllerTest, locations = '{}', classes = '{class pizzaOrder.Application}', contextInitializerClasses = '[]', activeProfiles = '{}', propertySourceLocations = '{}', propertySourceProperties = '{}', contextCustomizers = set[org.springframework.boot.test.context.filter.ExcludeFilterContextCustomizer@4a87761d, org.springframework.boot.test.mock.mockito.MockitoContextCustomizer@1bdc315c, org.springframework.boot.test.autoconfigure.properties.PropertyMappingContextCustomizer@0, org.springframework.boot.test.autoconfigure.web.servlet.WebDriverContextCustomizerFactory$Customizer@eb21112, org.springframework.test.context.web.socket.MockServerContainerContextCustomizer@706a04ae], resourceBasePath = 'src/main/webapp', contextLoader = 'org.springframework.test.context.web.WebDelegatingSmartContextLoader', parent = [null]]].
15:05:09.457 [main] DEBUG org.springframework.test.context.support.DependencyInjectionTestExecutionListener - Performing dependency injection for test context [[DefaultTestContext@13453610 testClass = UserControllerTest, testInstance = unit.client.controller.UserControllerTest@2c47135c, testMethod = [null], testException = [null], mergedContextConfiguration = [WebMergedContextConfiguration@62fee9c3 testClass = UserControllerTest, locations = '{}', classes = '{class pizzaOrder.Application}', contextInitializerClasses = '[]', activeProfiles = '{}', propertySourceLocations = '{}', propertySourceProperties = '{}', contextCustomizers = set[org.springframework.boot.test.context.filter.ExcludeFilterContextCustomizer@4a87761d, org.springframework.boot.test.mock.mockito.MockitoContextCustomizer@1bdc315c, org.springframework.boot.test.autoconfigure.properties.PropertyMappingContextCustomizer@0, org.springframework.boot.test.autoconfigure.web.servlet.WebDriverContextCustomizerFactory$Customizer@eb21112, org.springframework.test.context.web.socket.MockServerContainerContextCustomizer@706a04ae], resourceBasePath = 'src/main/webapp', contextLoader = 'org.springframework.test.context.web.WebDelegatingSmartContextLoader', parent = [null]]]].
15:05:09.457 [main] DEBUG org.springframework.test.context.cache.DefaultCacheAwareContextLoaderDelegate - Retrieved ApplicationContext from cache with key [[WebMergedContextConfiguration@62fee9c3 testClass = UserControllerTest, locations = '{}', classes = '{class pizzaOrder.Application}', contextInitializerClasses = '[]', activeProfiles = '{}', propertySourceLocations = '{}', propertySourceProperties = '{}', contextCustomizers = set[org.springframework.boot.test.context.filter.ExcludeFilterContextCustomizer@4a87761d, org.springframework.boot.test.mock.mockito.MockitoContextCustomizer@1bdc315c, org.springframework.boot.test.autoconfigure.properties.PropertyMappingContextCustomizer@0, org.springframework.boot.test.autoconfigure.web.servlet.WebDriverContextCustomizerFactory$Customizer@eb21112, org.springframework.test.context.web.socket.MockServerContainerContextCustomizer@706a04ae], resourceBasePath = 'src/main/webapp', contextLoader = 'org.springframework.test.context.web.WebDelegatingSmartContextLoader', parent = [null]]]
15:05:09.457 [main] DEBUG org.springframework.test.context.cache - Spring test ApplicationContext cache statistics: [DefaultContextCache@6109d880 size = 5, maxSize = 32, parentContextCount = 0, hitCount = 150, missCount = 5]
15:05:09.457 [main] DEBUG org.springframework.beans.factory.annotation.InjectionMetadata - Processing injected element of bean 'unit.client.controller.UserControllerTest': AutowiredFieldElement for private org.springframework.web.context.WebApplicationContext unit.client.controller.UserControllerTest.webApplicationContext
15:05:09.457 [main] DEBUG org.springframework.beans.factory.annotation.InjectionMetadata - Processing injected element of bean 'unit.client.controller.UserControllerTest': AutowiredFieldElement for private org.springframework.security.web.FilterChainProxy unit.client.controller.UserControllerTest.springSecurityFilter
15:05:09.457 [main] DEBUG org.springframework.beans.factory.support.DefaultListableBeanFactory - Returning cached instance of singleton bean 'springSecurityFilterChain'
15:05:09.458 [main] DEBUG org.springframework.test.context.cache.DefaultCacheAwareContextLoaderDelegate - Retrieved ApplicationContext from cache with key [[WebMergedContextConfiguration@62fee9c3 testClass = UserControllerTest, locations = '{}', classes = '{class pizzaOrder.Application}', contextInitializerClasses = '[]', activeProfiles = '{}', propertySourceLocations = '{}', propertySourceProperties = '{}', contextCustomizers = set[org.springframework.boot.test.context.filter.ExcludeFilterContextCustomizer@4a87761d, org.springframework.boot.test.mock.mockito.MockitoContextCustomizer@1bdc315c, org.springframework.boot.test.autoconfigure.properties.PropertyMappingContextCustomizer@0, org.springframework.boot.test.autoconfigure.web.servlet.WebDriverContextCustomizerFactory$Customizer@eb21112, org.springframework.test.context.web.socket.MockServerContainerContextCustomizer@706a04ae], resourceBasePath = 'src/main/webapp', contextLoader = 'org.springframework.test.context.web.WebDelegatingSmartContextLoader', parent = [null]]]
15:05:09.458 [main] DEBUG org.springframework.test.context.cache - Spring test ApplicationContext cache statistics: [DefaultContextCache@6109d880 size = 5, maxSize = 32, parentContextCount = 0, hitCount = 151, missCount = 5]
15:05:09.458 [main] DEBUG org.springframework.beans.factory.support.DefaultListableBeanFactory - Returning cached instance of singleton bean 'org.springframework.boot.test.mock.mockito.MockitoPostProcessor'
15:05:09.458 [main] DEBUG org.springframework.beans.factory.support.DefaultListableBeanFactory - Returning cached instance of singleton bean 'userServiceImpl'
15:05:09.458 [main] DEBUG org.springframework.beans.factory.support.DefaultListableBeanFactory - Returning cached instance of singleton bean 'userValidator'
15:05:09.459 [main] DEBUG org.springframework.test.context.support.AbstractDirtiesContextTestExecutionListener - Before test method: context [DefaultTestContext@13453610 testClass = UserControllerTest, testInstance = unit.client.controller.UserControllerTest@2c47135c, testMethod = show_registration_form@UserControllerTest, testException = [null], mergedContextConfiguration = [WebMergedContextConfiguration@62fee9c3 testClass = UserControllerTest, locations = '{}', classes = '{class pizzaOrder.Application}', contextInitializerClasses = '[]', activeProfiles = '{}', propertySourceLocations = '{}', propertySourceProperties = '{}', contextCustomizers = set[org.springframework.boot.test.context.filter.ExcludeFilterContextCustomizer@4a87761d, org.springframework.boot.test.mock.mockito.MockitoContextCustomizer@1bdc315c, org.springframework.boot.test.autoconfigure.properties.PropertyMappingContextCustomizer@0, org.springframework.boot.test.autoconfigure.web.servlet.WebDriverContextCustomizerFactory$Customizer@eb21112, org.springframework.test.context.web.socket.MockServerContainerContextCustomizer@706a04ae], resourceBasePath = 'src/main/webapp', contextLoader = 'org.springframework.test.context.web.WebDelegatingSmartContextLoader', parent = [null]]], class annotated with @DirtiesContext [false] with mode [null], method annotated with @DirtiesContext [false] with mode [null].
15:05:09.459 [main] DEBUG org.springframework.test.context.cache.DefaultCacheAwareContextLoaderDelegate - Retrieved ApplicationContext from cache with key [[WebMergedContextConfiguration@62fee9c3 testClass = UserControllerTest, locations = '{}', classes = '{class pizzaOrder.Application}', contextInitializerClasses = '[]', activeProfiles = '{}', propertySourceLocations = '{}', propertySourceProperties = '{}', contextCustomizers = set[org.springframework.boot.test.context.filter.ExcludeFilterContextCustomizer@4a87761d, org.springframework.boot.test.mock.mockito.MockitoContextCustomizer@1bdc315c, org.springframework.boot.test.autoconfigure.properties.PropertyMappingContextCustomizer@0, org.springframework.boot.test.autoconfigure.web.servlet.WebDriverContextCustomizerFactory$Customizer@eb21112, org.springframework.test.context.web.socket.MockServerContainerContextCustomizer@706a04ae], resourceBasePath = 'src/main/webapp', contextLoader = 'org.springframework.test.context.web.WebDelegatingSmartContextLoader', parent = [null]]]
15:05:09.459 [main] DEBUG org.springframework.test.context.cache - Spring test ApplicationContext cache statistics: [DefaultContextCache@6109d880 size = 5, maxSize = 32, parentContextCount = 0, hitCount = 152, missCount = 5]
15:05:09.459 [main] DEBUG org.springframework.beans.factory.support.DefaultListableBeanFactory - Returning cached instance of singleton bean 'org.springframework.boot.test.mock.mockito.MockitoBeans'
15:05:09.460 [main] DEBUG org.springframework.test.web.servlet.TestDispatcherServlet - Initializing servlet ''
15:05:09.460 [main] DEBUG org.springframework.web.context.support.StandardServletEnvironment - Adding [servletConfigInitParams] PropertySource with lowest search precedence
15:05:09.460 [main] DEBUG org.springframework.web.context.support.StandardServletEnvironment - Adding [servletContextInitParams] PropertySource with lowest search precedence
15:05:09.461 [main] DEBUG org.springframework.web.context.support.StandardServletEnvironment - Adding [systemProperties] PropertySource with lowest search precedence
15:05:09.461 [main] DEBUG org.springframework.web.context.support.StandardServletEnvironment - Adding [systemEnvironment] PropertySource with lowest search precedence
15:05:09.461 [main] DEBUG org.springframework.web.context.support.StandardServletEnvironment - Initialized StandardServletEnvironment with PropertySources [servletConfigInitParams,servletContextInitParams,systemProperties,systemEnvironment]
15:05:09.461 [main] INFO org.springframework.mock.web.MockServletContext - Initializing Spring FrameworkServlet ''
15:05:09.461 [main] INFO org.springframework.test.web.servlet.TestDispatcherServlet - FrameworkServlet '': initialization started
15:05:09.461 [main] DEBUG org.springframework.beans.factory.support.DefaultListableBeanFactory - Returning cached instance of singleton bean 'multipartResolver'
15:05:09.461 [main] DEBUG org.springframework.test.web.servlet.TestDispatcherServlet - Using MultipartResolver [org.springframework.web.multipart.support.StandardServletMultipartResolver@6ddf3c5e]
15:05:09.461 [main] DEBUG org.springframework.beans.factory.support.DefaultListableBeanFactory - Creating instance of bean 'org.springframework.web.servlet.i18n.AcceptHeaderLocaleResolver'
15:05:09.461 [main] DEBUG org.springframework.beans.factory.support.DefaultListableBeanFactory - Finished creating instance of bean 'org.springframework.web.servlet.i18n.AcceptHeaderLocaleResolver'
15:05:09.461 [main] DEBUG org.springframework.test.web.servlet.TestDispatcherServlet - Unable to locate LocaleResolver with name 'localeResolver': using default [org.springframework.web.servlet.i18n.AcceptHeaderLocaleResolver@30eb427c]
15:05:09.461 [main] DEBUG org.springframework.beans.factory.support.DefaultListableBeanFactory - Creating instance of bean 'org.springframework.web.servlet.theme.FixedThemeResolver'
15:05:09.461 [main] DEBUG org.springframework.beans.factory.support.DefaultListableBeanFactory - Finished creating instance of bean 'org.springframework.web.servlet.theme.FixedThemeResolver'
15:05:09.461 [main] DEBUG org.springframework.test.web.servlet.TestDispatcherServlet - Unable to locate ThemeResolver with name 'themeResolver': using default [org.springframework.web.servlet.theme.FixedThemeResolver@59c9e3b9]
15:05:09.462 [main] DEBUG org.springframework.beans.factory.support.DefaultListableBeanFactory - Returning cached instance of singleton bean 'requestMappingHandlerMapping'
15:05:09.462 [main] DEBUG org.springframework.beans.factory.support.DefaultListableBeanFactory - Returning cached instance of singleton bean 'viewControllerHandlerMapping'
15:05:09.462 [main] DEBUG org.springframework.beans.factory.support.DefaultListableBeanFactory - Returning cached instance of singleton bean 'beanNameHandlerMapping'
15:05:09.462 [main] DEBUG org.springframework.beans.factory.support.DefaultListableBeanFactory - Returning cached instance of singleton bean 'resourceHandlerMapping'
15:05:09.462 [main] DEBUG org.springframework.beans.factory.support.DefaultListableBeanFactory - Returning cached instance of singleton bean 'defaultServletHandlerMapping'
15:05:09.462 [main] DEBUG org.springframework.beans.factory.support.DefaultListableBeanFactory - Returning cached instance of singleton bean 'faviconHandlerMapping'
15:05:09.462 [main] DEBUG org.springframework.beans.factory.support.DefaultListableBeanFactory - Returning cached instance of singleton bean 'welcomePageHandlerMapping'
15:05:09.462 [main] DEBUG org.springframework.beans.factory.support.DefaultListableBeanFactory - Returning cached instance of singleton bean 'restHandlerMapping'
15:05:09.463 [main] DEBUG org.springframework.beans.factory.support.DefaultListableBeanFactory - Returning cached instance of singleton bean 'requestMappingHandlerAdapter'
15:05:09.463 [main] DEBUG org.springframework.beans.factory.support.DefaultListableBeanFactory - Returning cached instance of singleton bean 'httpRequestHandlerAdapter'
15:05:09.463 [main] DEBUG org.springframework.beans.factory.support.DefaultListableBeanFactory - Returning cached instance of singleton bean 'simpleControllerHandlerAdapter'
15:05:09.463 [main] DEBUG org.springframework.beans.factory.support.DefaultListableBeanFactory - Returning cached instance of singleton bean 'repositoryExporterHandlerAdapter'
15:05:09.463 [main] DEBUG org.springframework.beans.factory.support.DefaultListableBeanFactory - Returning cached instance of singleton bean 'errorAttributes'
15:05:09.463 [main] DEBUG org.springframework.beans.factory.support.DefaultListableBeanFactory - Returning cached instance of singleton bean 'handlerExceptionResolver'
15:05:09.463 [main] DEBUG org.springframework.beans.factory.support.DefaultListableBeanFactory - Returning cached instance of singleton bean 'exceptionHandlerExceptionResolver'
15:05:09.464 [main] DEBUG org.springframework.beans.factory.support.DefaultListableBeanFactory - Creating instance of bean 'org.springframework.web.servlet.view.DefaultRequestToViewNameTranslator'
15:05:09.464 [main] DEBUG org.springframework.beans.factory.support.DefaultListableBeanFactory - Finished creating instance of bean 'org.springframework.web.servlet.view.DefaultRequestToViewNameTranslator'
15:05:09.464 [main] DEBUG org.springframework.test.web.servlet.TestDispatcherServlet - Unable to locate RequestToViewNameTranslator with name 'viewNameTranslator': using default [org.springframework.web.servlet.view.DefaultRequestToViewNameTranslator@45bedfed]
15:05:09.464 [main] DEBUG org.springframework.beans.factory.support.DefaultListableBeanFactory - Returning cached instance of singleton bean 'beanNameViewResolver'
15:05:09.464 [main] DEBUG org.springframework.beans.factory.support.DefaultListableBeanFactory - Returning cached instance of singleton bean 'mvcViewResolver'
15:05:09.464 [main] DEBUG org.springframework.beans.factory.support.DefaultListableBeanFactory - Returning cached instance of singleton bean 'defaultViewResolver'
15:05:09.464 [main] DEBUG org.springframework.beans.factory.support.DefaultListableBeanFactory - Returning cached instance of singleton bean 'viewResolver'
15:05:09.464 [main] DEBUG org.springframework.beans.factory.support.DefaultListableBeanFactory - Returning cached instance of singleton bean 'thymeleafViewResolver'
15:05:09.464 [main] DEBUG org.springframework.beans.factory.support.DefaultListableBeanFactory - Creating instance of bean 'org.springframework.web.servlet.support.SessionFlashMapManager'
15:05:09.464 [main] DEBUG org.springframework.beans.factory.support.DefaultListableBeanFactory - Finished creating instance of bean 'org.springframework.web.servlet.support.SessionFlashMapManager'
15:05:09.464 [main] DEBUG org.springframework.test.web.servlet.TestDispatcherServlet - Unable to locate FlashMapManager with name 'flashMapManager': using default [org.springframework.web.servlet.support.SessionFlashMapManager@7269674d]
15:05:09.464 [main] DEBUG org.springframework.test.web.servlet.TestDispatcherServlet - Published WebApplicationContext of servlet '' as ServletContext attribute with name [org.springframework.web.servlet.FrameworkServlet.CONTEXT.]
15:05:09.464 [main] INFO org.springframework.test.web.servlet.TestDispatcherServlet - FrameworkServlet '': initialization completed in 3 ms
15:05:09.464 [main] DEBUG org.springframework.test.web.servlet.TestDispatcherServlet - Servlet '' configured successfully
15:05:09.465 [main] DEBUG org.springframework.security.web.FilterChainProxy - /registration at position 1 of 11 in additional filter chain; firing Filter: 'WebAsyncManagerIntegrationFilter'
15:05:09.465 [main] DEBUG org.springframework.security.web.FilterChainProxy - /registration at position 2 of 11 in additional filter chain; firing Filter: 'SecurityContextPersistenceFilter'
15:05:09.465 [main] DEBUG org.springframework.security.web.context.HttpSessionSecurityContextRepository - No HttpSession currently exists
15:05:09.465 [main] DEBUG org.springframework.security.web.context.HttpSessionSecurityContextRepository - No SecurityContext was available from the HttpSession: null. A new one will be created.
15:05:09.465 [main] DEBUG org.springframework.security.web.FilterChainProxy - /registration at position 3 of 11 in additional filter chain; firing Filter: 'HeaderWriterFilter'
15:05:09.465 [main] DEBUG org.springframework.security.web.header.writers.HstsHeaderWriter - Not injecting HSTS header since it did not match the requestMatcher org.springframework.security.web.header.writers.HstsHeaderWriter$SecureRequestMatcher@5c47ef5f
15:05:09.465 [main] DEBUG org.springframework.security.web.FilterChainProxy - /registration at position 4 of 11 in additional filter chain; firing Filter: 'LogoutFilter'
15:05:09.465 [main] DEBUG org.springframework.security.web.util.matcher.OrRequestMatcher - Trying to match using Ant [pattern='/logout', GET]
15:05:09.465 [main] DEBUG org.springframework.security.web.util.matcher.AntPathRequestMatcher - Checking match of request : '/registration'; against '/logout'
15:05:09.465 [main] DEBUG org.springframework.security.web.util.matcher.OrRequestMatcher - Trying to match using Ant [pattern='/logout', POST]
15:05:09.465 [main] DEBUG org.springframework.security.web.util.matcher.AntPathRequestMatcher - Request 'GET /registration' doesn't match 'POST /logout
15:05:09.465 [main] DEBUG org.springframework.security.web.util.matcher.OrRequestMatcher - Trying to match using Ant [pattern='/logout', PUT]
15:05:09.465 [main] DEBUG org.springframework.security.web.util.matcher.AntPathRequestMatcher - Request 'GET /registration' doesn't match 'PUT /logout
15:05:09.465 [main] DEBUG org.springframework.security.web.util.matcher.OrRequestMatcher - Trying to match using Ant [pattern='/logout', DELETE]
15:05:09.465 [main] DEBUG org.springframework.security.web.util.matcher.AntPathRequestMatcher - Request 'GET /registration' doesn't match 'DELETE /logout
15:05:09.465 [main] DEBUG org.springframework.security.web.util.matcher.OrRequestMatcher - No matches found
15:05:09.465 [main] DEBUG org.springframework.security.web.FilterChainProxy - /registration at position 5 of 11 in additional filter chain; firing Filter: 'UsernamePasswordAuthenticationFilter'
15:05:09.465 [main] DEBUG org.springframework.security.web.util.matcher.AntPathRequestMatcher - Request 'GET /registration' doesn't match 'POST /login
15:05:09.465 [main] DEBUG org.springframework.security.web.FilterChainProxy - /registration at position 6 of 11 in additional filter chain; firing Filter: 'RequestCacheAwareFilter'
15:05:09.465 [main] DEBUG org.springframework.security.web.FilterChainProxy - /registration at position 7 of 11 in additional filter chain; firing Filter: 'SecurityContextHolderAwareRequestFilter'
15:05:09.465 [main] DEBUG org.springframework.security.web.FilterChainProxy - /registration at position 8 of 11 in additional filter chain; firing Filter: 'AnonymousAuthenticationFilter'
15:05:09.465 [main] DEBUG org.springframework.security.web.authentication.AnonymousAuthenticationFilter - Populated SecurityContextHolder with anonymous token: 'org.springframework.security.authentication.AnonymousAuthenticationToken@9055e4a6: Principal: anonymousUser; Credentials: [PROTECTED]; Authenticated: true; Details: org.springframework.security.web.authentication.WebAuthenticationDetails@957e: RemoteIpAddress: 127.0.0.1; SessionId: null; Granted Authorities: ROLE_ANONYMOUS'
15:05:09.465 [main] DEBUG org.springframework.security.web.FilterChainProxy - /registration at position 9 of 11 in additional filter chain; firing Filter: 'SessionManagementFilter'
15:05:09.465 [main] DEBUG org.springframework.security.web.FilterChainProxy - /registration at position 10 of 11 in additional filter chain; firing Filter: 'ExceptionTranslationFilter'
15:05:09.465 [main] DEBUG org.springframework.security.web.FilterChainProxy - /registration at position 11 of 11 in additional filter chain; firing Filter: 'FilterSecurityInterceptor'
15:05:09.465 [main] DEBUG org.springframework.security.web.util.matcher.OrRequestMatcher - Trying to match using Ant [pattern='/logout', GET]
15:05:09.465 [main] DEBUG org.springframework.security.web.util.matcher.AntPathRequestMatcher - Checking match of request : '/registration'; against '/logout'
15:05:09.465 [main] DEBUG org.springframework.security.web.util.matcher.OrRequestMatcher - Trying to match using Ant [pattern='/logout', POST]
15:05:09.465 [main] DEBUG org.springframework.security.web.util.matcher.AntPathRequestMatcher - Request 'GET /registration' doesn't match 'POST /logout
15:05:09.465 [main] DEBUG org.springframework.security.web.util.matcher.OrRequestMatcher - Trying to match using Ant [pattern='/logout', PUT]
15:05:09.465 [main] DEBUG org.springframework.security.web.util.matcher.AntPathRequestMatcher - Request 'GET /registration' doesn't match 'PUT /logout
15:05:09.465 [main] DEBUG org.springframework.security.web.util.matcher.OrRequestMatcher - Trying to match using Ant [pattern='/logout', DELETE]
15:05:09.465 [main] DEBUG org.springframework.security.web.util.matcher.AntPathRequestMatcher - Request 'GET /registration' doesn't match 'DELETE /logout
15:05:09.465 [main] DEBUG org.springframework.security.web.util.matcher.OrRequestMatcher - No matches found
15:05:09.465 [main] DEBUG org.springframework.security.web.util.matcher.AntPathRequestMatcher - Checking match of request : '/registration'; against '/users/**'
15:05:09.465 [main] DEBUG org.springframework.security.web.util.matcher.AntPathRequestMatcher - Checking match of request : '/registration'; against '/registration'
15:05:09.465 [main] DEBUG org.springframework.security.web.access.intercept.FilterSecurityInterceptor - Secure object: FilterInvocation: URL: /registration; Attributes: [permitAll]
15:05:09.465 [main] DEBUG org.springframework.security.web.access.intercept.FilterSecurityInterceptor - Previously Authenticated: org.springframework.security.authentication.AnonymousAuthenticationToken@9055e4a6: Principal: anonymousUser; Credentials: [PROTECTED]; Authenticated: true; Details: org.springframework.security.web.authentication.WebAuthenticationDetails@957e: RemoteIpAddress: 127.0.0.1; SessionId: null; Granted Authorities: ROLE_ANONYMOUS
15:05:09.465 [main] DEBUG org.springframework.security.access.vote.AffirmativeBased - Voter: org.springframework.security.web.access.expression.WebExpressionVoter@2f04c1f3, returned: 1
15:05:09.465 [main] DEBUG org.springframework.security.web.access.intercept.FilterSecurityInterceptor - Authorization successful
15:05:09.465 [main] DEBUG org.springframework.security.web.access.intercept.FilterSecurityInterceptor - RunAsManager did not change Authentication object
15:05:09.465 [main] DEBUG org.springframework.security.web.FilterChainProxy - /registration reached end of additional filter chain; proceeding with original chain
15:05:09.465 [main] DEBUG org.springframework.test.web.servlet.TestDispatcherServlet - DispatcherServlet with name '' processing GET request for [/registration]
15:05:09.465 [main] DEBUG org.springframework.web.servlet.mvc.method.annotation.RequestMappingHandlerMapping - Looking up handler method for path /registration
15:05:09.466 [main] DEBUG org.springframework.web.servlet.mvc.method.annotation.RequestMappingHandlerMapping - Returning handler method [public java.lang.String pizzaOrder.client.controller.UserController.registration(org.springframework.ui.Model)]
15:05:09.466 [main] DEBUG org.springframework.beans.factory.support.DefaultListableBeanFactory - Returning cached instance of singleton bean 'userController'
15:05:09.466 [main] DEBUG org.springframework.test.web.servlet.TestDispatcherServlet - Last-Modified value for [/registration] is: -1
15:05:09.466 [main] DEBUG org.springframework.orm.jpa.support.OpenEntityManagerInViewInterceptor - Opening JPA EntityManager in OpenEntityManagerInViewInterceptor
15:05:09.466 [main] DEBUG org.springframework.web.servlet.view.ContentNegotiatingViewResolver - Requested media types are [*/*] based on Accept header types and producible media types [*/*])
15:05:09.466 [main] DEBUG org.springframework.web.servlet.view.BeanNameViewResolver - No matching bean found for view name 'register'
15:05:09.469 [main] DEBUG org.springframework.beans.factory.support.DefaultListableBeanFactory - Returning cached instance of singleton bean 'org.springframework.transaction.config.internalTransactionAdvisor'
15:05:09.469 [main] DEBUG org.springframework.beans.factory.support.DefaultListableBeanFactory - Returning cached instance of singleton bean 'org.springframework.transaction.config.internalTransactionAdvisor'
15:05:09.469 [main] DEBUG org.springframework.beans.factory.support.DefaultListableBeanFactory - Invoking afterPropertiesSet() on bean with name 'register'
15:05:09.469 [main] DEBUG org.springframework.web.servlet.view.ContentNegotiatingViewResolver - Returning [org.thymeleaf.spring4.view.ThymeleafView@187b33de] based on requested media type '*/*'
15:05:09.469 [main] DEBUG org.springframework.test.web.servlet.TestDispatcherServlet - Rendering view [org.thymeleaf.spring4.view.ThymeleafView@187b33de] in DispatcherServlet with name ''
15:05:09.469 [main] INFO org.thymeleaf.TemplateEngine - [THYMELEAF] INITIALIZING TEMPLATE ENGINE
15:05:09.472 [main] INFO org.thymeleaf.templateresolver.AbstractTemplateResolver - [THYMELEAF] INITIALIZING TEMPLATE RESOLVER: org.thymeleaf.spring4.templateresolver.SpringResourceTemplateResolver
15:05:09.472 [main] INFO org.thymeleaf.templateresolver.AbstractTemplateResolver - [THYMELEAF] TEMPLATE RESOLVER INITIALIZED OK
15:05:09.472 [main] INFO org.thymeleaf.messageresolver.AbstractMessageResolver - [THYMELEAF] INITIALIZING MESSAGE RESOLVER: org.thymeleaf.spring4.messageresolver.SpringMessageResolver
15:05:09.472 [main] INFO org.thymeleaf.messageresolver.AbstractMessageResolver - [THYMELEAF] MESSAGE RESOLVER INITIALIZED OK
15:05:09.472 [main] DEBUG org.thymeleaf.TemplateEngine.cache.TEMPLATE_CACHE - [THYMELEAF][CACHE_INITIALIZE] Initializing cache TEMPLATE_CACHE. Max size: 50. Soft references are used.
15:05:09.472 [main] DEBUG org.thymeleaf.TemplateEngine.cache.FRAGMENT_CACHE - [THYMELEAF][CACHE_INITIALIZE] Initializing cache FRAGMENT_CACHE. Max size: 300. Soft references are used.
15:05:09.477 [main] DEBUG org.thymeleaf.TemplateEngine.CONFIG - [THYMELEAF] TEMPLATE ENGINE CONFIGURATION:
[THYMELEAF] * Cache Factory implementation: org.thymeleaf.cache.StandardCacheManager
[THYMELEAF] * Template modes:
[THYMELEAF]     * VALIDXML
[THYMELEAF]     * XHTML
[THYMELEAF]     * LEGACYHTML5
[THYMELEAF]     * XML
[THYMELEAF]     * HTML5
[THYMELEAF]     * VALIDXHTML
[THYMELEAF] * Template resolvers (in order):
[THYMELEAF]     * org.thymeleaf.spring4.templateresolver.SpringResourceTemplateResolver
[THYMELEAF] * Message resolvers (in order):
[THYMELEAF]     * org.thymeleaf.spring4.messageresolver.SpringMessageResolver
[THYMELEAF] * Dialect [1 of 2]: org.thymeleaf.spring4.dialect.SpringStandardDialect
[THYMELEAF]     * Prefix: "th"
[THYMELEAF]     * Processors matching nodes by element name [precedence]:
[THYMELEAF]         * "th-block" [100000]: org.thymeleaf.standard.processor.element.StandardBlockElementProcessor
[THYMELEAF]         * "th:block" [100000]: org.thymeleaf.standard.processor.element.StandardBlockElementProcessor
[THYMELEAF]     * Processors matching nodes by element attribute [precedence]:
[THYMELEAF]         * "data-th-abbr" [1000]: org.thymeleaf.standard.processor.attr.StandardSingleRemovableAttributeModifierAttrProcessor
[THYMELEAF]         * "data-th-accept" [1000]: org.thymeleaf.standard.processor.attr.StandardSingleRemovableAttributeModifierAttrProcessor
[THYMELEAF]         * "data-th-accept-charset" [1000]: org.thymeleaf.standard.processor.attr.StandardSingleRemovableAttributeModifierAttrProcessor
[THYMELEAF]         * "data-th-accesskey" [1000]: org.thymeleaf.standard.processor.attr.StandardSingleRemovableAttributeModifierAttrProcessor
[THYMELEAF]         * "data-th-action" [1000]: org.thymeleaf.spring4.processor.attr.SpringActionAttrProcessor
[THYMELEAF]         * "data-th-align" [1000]: org.thymeleaf.standard.processor.attr.StandardSingleRemovableAttributeModifierAttrProcessor
[THYMELEAF]         * "data-th-alt" [1000]: org.thymeleaf.standard.processor.attr.StandardSingleRemovableAttributeModifierAttrProcessor
[THYMELEAF]         * "data-th-alt-title" [990]: org.thymeleaf.standard.processor.attr.StandardAltTitleAttrProcessor
[THYMELEAF]         * "data-th-archive" [1000]: org.thymeleaf.standard.processor.attr.StandardSingleRemovableAttributeModifierAttrProcessor
[THYMELEAF]         * "data-th-assert" [1550]: org.thymeleaf.standard.processor.attr.StandardAssertAttrProcessor
[THYMELEAF]         * "data-th-async" [1000]: org.thymeleaf.standard.processor.attr.StandardConditionalFixedValueAttrProcessor
[THYMELEAF]         * "data-th-attr" [700]: org.thymeleaf.standard.processor.attr.StandardAttrAttrProcessor
[THYMELEAF]         * "data-th-attrappend" [900]: org.thymeleaf.standard.processor.attr.StandardAttrappendAttrProcessor
[THYMELEAF]         * "data-th-attrprepend" [800]: org.thymeleaf.standard.processor.attr.StandardAttrprependAttrProcessor
[THYMELEAF]         * "data-th-audio" [1000]: org.thymeleaf.standard.processor.attr.StandardSingleRemovableAttributeModifierAttrProcessor
[THYMELEAF]         * "data-th-autocomplete" [1000]: org.thymeleaf.standard.processor.attr.StandardSingleRemovableAttributeModifierAttrProcessor
[THYMELEAF]         * "data-th-autofocus" [1000]: org.thymeleaf.standard.processor.attr.StandardConditionalFixedValueAttrProcessor
[THYMELEAF]         * "data-th-autoplay" [1000]: org.thymeleaf.standard.processor.attr.StandardConditionalFixedValueAttrProcessor
[THYMELEAF]         * "data-th-axis" [1000]: org.thymeleaf.standard.processor.attr.StandardSingleRemovableAttributeModifierAttrProcessor
[THYMELEAF]         * "data-th-background" [1000]: org.thymeleaf.standard.processor.attr.StandardSingleRemovableAttributeModifierAttrProcessor
[THYMELEAF]         * "data-th-bgcolor" [1000]: org.thymeleaf.standard.processor.attr.StandardSingleRemovableAttributeModifierAttrProcessor
[THYMELEAF]         * "data-th-border" [1000]: org.thymeleaf.standard.processor.attr.StandardSingleRemovableAttributeModifierAttrProcessor
[THYMELEAF]         * "data-th-case" [275]: org.thymeleaf.standard.processor.attr.StandardCaseAttrProcessor
[THYMELEAF]         * "data-th-cellpadding" [1000]: org.thymeleaf.standard.processor.attr.StandardSingleRemovableAttributeModifierAttrProcessor
[THYMELEAF]         * "data-th-cellspacing" [1000]: org.thymeleaf.standard.processor.attr.StandardSingleRemovableAttributeModifierAttrProcessor
[THYMELEAF]         * "data-th-challenge" [1000]: org.thymeleaf.standard.processor.attr.StandardSingleRemovableAttributeModifierAttrProcessor
[THYMELEAF]         * "data-th-charset" [1000]: org.thymeleaf.standard.processor.attr.StandardSingleRemovableAttributeModifierAttrProcessor
[THYMELEAF]         * "data-th-checked" [1000]: org.thymeleaf.standard.processor.attr.StandardConditionalFixedValueAttrProcessor
[THYMELEAF]         * "data-th-cite" [1000]: org.thymeleaf.standard.processor.attr.StandardSingleRemovableAttributeModifierAttrProcessor
[THYMELEAF]         * "data-th-class" [1000]: org.thymeleaf.standard.processor.attr.StandardSingleRemovableAttributeModifierAttrProcessor
[THYMELEAF]         * "data-th-classappend" [1100]: org.thymeleaf.standard.processor.attr.StandardClassappendAttrProcessor
[THYMELEAF]         * "data-th-classid" [1000]: org.thymeleaf.standard.processor.attr.StandardSingleRemovableAttributeModifierAttrProcessor
[THYMELEAF]         * "data-th-codebase" [1000]: org.thymeleaf.standard.processor.attr.StandardSingleRemovableAttributeModifierAttrProcessor
[THYMELEAF]         * "data-th-codetype" [1000]: org.thymeleaf.standard.processor.attr.StandardSingleRemovableAttributeModifierAttrProcessor
[THYMELEAF]         * "data-th-cols" [1000]: org.thymeleaf.standard.processor.attr.StandardSingleRemovableAttributeModifierAttrProcessor
[THYMELEAF]         * "data-th-colspan" [1000]: org.thymeleaf.standard.processor.attr.StandardSingleRemovableAttributeModifierAttrProcessor
[THYMELEAF]         * "data-th-compact" [1000]: org.thymeleaf.standard.processor.attr.StandardSingleRemovableAttributeModifierAttrProcessor
[THYMELEAF]         * "data-th-content" [1000]: org.thymeleaf.standard.processor.attr.StandardSingleRemovableAttributeModifierAttrProcessor
[THYMELEAF]         * "data-th-contenteditable" [1000]: org.thymeleaf.standard.processor.attr.StandardSingleRemovableAttributeModifierAttrProcessor
[THYMELEAF]         * "data-th-contextmenu" [1000]: org.thymeleaf.standard.processor.attr.StandardSingleRemovableAttributeModifierAttrProcessor
[THYMELEAF]         * "data-th-controls" [1000]: org.thymeleaf.standard.processor.attr.StandardConditionalFixedValueAttrProcessor
[THYMELEAF]         * "data-th-data" [1000]: org.thymeleaf.standard.processor.attr.StandardSingleRemovableAttributeModifierAttrProcessor
[THYMELEAF]         * "data-th-datetime" [1000]: org.thymeleaf.standard.processor.attr.StandardSingleRemovableAttributeModifierAttrProcessor
[THYMELEAF]         * "data-th-declare" [1000]: org.thymeleaf.standard.processor.attr.StandardConditionalFixedValueAttrProcessor
[THYMELEAF]         * "data-th-default" [1000]: org.thymeleaf.standard.processor.attr.StandardConditionalFixedValueAttrProcessor
[THYMELEAF]         * "data-th-defer" [1000]: org.thymeleaf.standard.processor.attr.StandardConditionalFixedValueAttrProcessor
[THYMELEAF]         * "data-th-dir" [1000]: org.thymeleaf.standard.processor.attr.StandardSingleRemovableAttributeModifierAttrProcessor
[THYMELEAF]         * "data-th-disabled" [1000]: org.thymeleaf.standard.processor.attr.StandardConditionalFixedValueAttrProcessor
[THYMELEAF]         * "data-th-draggable" [1000]: org.thymeleaf.standard.processor.attr.StandardSingleRemovableAttributeModifierAttrProcessor
[THYMELEAF]         * "data-th-dropzone" [1000]: org.thymeleaf.standard.processor.attr.StandardSingleRemovableAttributeModifierAttrProcessor
[THYMELEAF]         * "data-th-each" [200]: org.thymeleaf.standard.processor.attr.StandardEachAttrProcessor
[THYMELEAF]         * "data-th-enctype" [1000]: org.thymeleaf.standard.processor.attr.StandardSingleRemovableAttributeModifierAttrProcessor
[THYMELEAF]         * "data-th-errorclass" [1500]: org.thymeleaf.spring4.processor.attr.SpringErrorClassAttrProcessor
[THYMELEAF]         * "data-th-errors" [1200]: org.thymeleaf.spring4.processor.attr.SpringErrorsAttrProcessor
[THYMELEAF]         * "data-th-field" [1200]: org.thymeleaf.spring4.processor.attr.SpringInputGeneralFieldAttrProcessor
[THYMELEAF]         * "data-th-field" [1200]: org.thymeleaf.spring4.processor.attr.SpringInputGeneralFieldAttrProcessor
[THYMELEAF]         * "data-th-field" [1200]: org.thymeleaf.spring4.processor.attr.SpringInputGeneralFieldAttrProcessor
[THYMELEAF]         * "data-th-field" [1200]: org.thymeleaf.spring4.processor.attr.SpringInputGeneralFieldAttrProcessor
[THYMELEAF]         * "data-th-field" [1200]: org.thymeleaf.spring4.processor.attr.SpringInputGeneralFieldAttrProcessor
[THYMELEAF]         * "data-th-field" [1200]: org.thymeleaf.spring4.processor.attr.SpringInputGeneralFieldAttrProcessor
[THYMELEAF]         * "data-th-field" [1200]: org.thymeleaf.spring4.processor.attr.SpringInputGeneralFieldAttrProcessor
[THYMELEAF]         * "data-th-field" [1200]: org.thymeleaf.spring4.processor.attr.SpringInputGeneralFieldAttrProcessor
[THYMELEAF]         * "data-th-field" [1200]: org.thymeleaf.spring4.processor.attr.SpringInputGeneralFieldAttrProcessor
[THYMELEAF]         * "data-th-field" [1200]: org.thymeleaf.spring4.processor.attr.SpringInputPasswordFieldAttrProcessor
[THYMELEAF]         * "data-th-field" [1200]: org.thymeleaf.spring4.processor.attr.SpringInputGeneralFieldAttrProcessor
[THYMELEAF]         * "data-th-field" [1200]: org.thymeleaf.spring4.processor.attr.SpringInputGeneralFieldAttrProcessor
[THYMELEAF]         * "data-th-field" [1200]: org.thymeleaf.spring4.processor.attr.SpringInputFileFieldAttrProcessor
[THYMELEAF]         * "data-th-field" [1200]: org.thymeleaf.spring4.processor.attr.SpringInputGeneralFieldAttrProcessor
[THYMELEAF]         * "data-th-field" [1200]: org.thymeleaf.spring4.processor.attr.SpringTextareaFieldAttrProcessor
[THYMELEAF]         * "data-th-field" [1200]: org.thymeleaf.spring4.processor.attr.SpringInputGeneralFieldAttrProcessor
[THYMELEAF]         * "data-th-field" [1200]: org.thymeleaf.spring4.processor.attr.SpringInputRadioFieldAttrProcessor
[THYMELEAF]         * "data-th-field" [1200]: org.thymeleaf.spring4.processor.attr.SpringOptionFieldAttrProcessor
[THYMELEAF]         * "data-th-field" [1200]: org.thymeleaf.spring4.processor.attr.SpringInputGeneralFieldAttrProcessor
[THYMELEAF]         * "data-th-field" [1200]: org.thymeleaf.spring4.processor.attr.SpringInputGeneralFieldAttrProcessor
[THYMELEAF]         * "data-th-field" [1200]: org.thymeleaf.spring4.processor.attr.SpringInputCheckboxFieldAttrProcessor
[THYMELEAF]         * "data-th-field" [1200]: org.thymeleaf.spring4.processor.attr.SpringInputGeneralFieldAttrProcessor
[THYMELEAF]         * "data-th-field" [1200]: org.thymeleaf.spring4.processor.attr.SpringSelectFieldAttrProcessor
[THYMELEAF]         * "data-th-for" [1000]: org.thymeleaf.standard.processor.attr.StandardSingleRemovableAttributeModifierAttrProcessor
[THYMELEAF]         * "data-th-form" [1000]: org.thymeleaf.standard.processor.attr.StandardSingleRemovableAttributeModifierAttrProcessor
[THYMELEAF]         * "data-th-formaction" [1000]: org.thymeleaf.standard.processor.attr.StandardSingleRemovableAttributeModifierAttrProcessor
[THYMELEAF]         * "data-th-formenctype" [1000]: org.thymeleaf.standard.processor.attr.StandardSingleRemovableAttributeModifierAttrProcessor
[THYMELEAF]         * "data-th-formmethod" [1000]: org.thymeleaf.standard.processor.attr.StandardSingleRemovableAttributeModifierAttrProcessor
[THYMELEAF]         * "data-th-formnovalidate" [1000]: org.thymeleaf.standard.processor.attr.StandardConditionalFixedValueAttrProcessor
[THYMELEAF]         * "data-th-formtarget" [1000]: org.thymeleaf.standard.processor.attr.StandardSingleRemovableAttributeModifierAttrProcessor
[THYMELEAF]         * "data-th-fragment" [1500]: org.thymeleaf.standard.processor.attr.StandardFragmentAttrProcessor
[THYMELEAF]         * "data-th-frame" [1000]: org.thymeleaf.standard.processor.attr.StandardSingleRemovableAttributeModifierAttrProcessor
[THYMELEAF]         * "data-th-frameborder" [1000]: org.thymeleaf.standard.processor.attr.StandardSingleRemovableAttributeModifierAttrProcessor
[THYMELEAF]         * "data-th-headers" [1000]: org.thymeleaf.standard.processor.attr.StandardSingleRemovableAttributeModifierAttrProcessor
[THYMELEAF]         * "data-th-height" [1000]: org.thymeleaf.standard.processor.attr.StandardSingleRemovableAttributeModifierAttrProcessor
[THYMELEAF]         * "data-th-hidden" [1000]: org.thymeleaf.standard.processor.attr.StandardConditionalFixedValueAttrProcessor
[THYMELEAF]         * "data-th-high" [1000]: org.thymeleaf.standard.processor.attr.StandardSingleRemovableAttributeModifierAttrProcessor
[THYMELEAF]         * "data-th-href" [1000]: org.thymeleaf.spring4.processor.attr.SpringHrefAttrProcessor
[THYMELEAF]         * "data-th-hreflang" [1000]: org.thymeleaf.standard.processor.attr.StandardSingleRemovableAttributeModifierAttrProcessor
[THYMELEAF]         * "data-th-hspace" [1000]: org.thymeleaf.standard.processor.attr.StandardSingleRemovableAttributeModifierAttrProcessor
[THYMELEAF]         * "data-th-http-equiv" [1000]: org.thymeleaf.standard.processor.attr.StandardSingleRemovableAttributeModifierAttrProcessor
[THYMELEAF]         * "data-th-icon" [1000]: org.thymeleaf.standard.processor.attr.StandardSingleRemovableAttributeModifierAttrProcessor
[THYMELEAF]         * "data-th-id" [1000]: org.thymeleaf.standard.processor.attr.StandardSingleRemovableAttributeModifierAttrProcessor
[THYMELEAF]         * "data-th-if" [300]: org.thymeleaf.standard.processor.attr.StandardIfAttrProcessor
[THYMELEAF]         * "data-th-include" [100]: org.thymeleaf.standard.processor.attr.StandardIncludeFragmentAttrProcessor
[THYMELEAF]         * "data-th-inline" [1000]: org.thymeleaf.standard.processor.attr.StandardInlineAttrProcessor
[THYMELEAF]         * "data-th-ismap" [1000]: org.thymeleaf.standard.processor.attr.StandardConditionalFixedValueAttrProcessor
[THYMELEAF]         * "data-th-keytype" [1000]: org.thymeleaf.standard.processor.attr.StandardSingleRemovableAttributeModifierAttrProcessor
[THYMELEAF]         * "data-th-kind" [1000]: org.thymeleaf.standard.processor.attr.StandardSingleRemovableAttributeModifierAttrProcessor
[THYMELEAF]         * "data-th-label" [1000]: org.thymeleaf.standard.processor.attr.StandardSingleRemovableAttributeModifierAttrProcessor
[THYMELEAF]         * "data-th-lang" [1000]: org.thymeleaf.standard.processor.attr.StandardSingleRemovableAttributeModifierAttrProcessor
[THYMELEAF]         * "data-th-lang-xmllang" [990]: org.thymeleaf.standard.processor.attr.StandardLangXmlLangAttrProcessor
[THYMELEAF]         * "data-th-list" [1000]: org.thymeleaf.standard.processor.attr.StandardSingleRemovableAttributeModifierAttrProcessor
[THYMELEAF]         * "data-th-longdesc" [1000]: org.thymeleaf.standard.processor.attr.StandardSingleRemovableAttributeModifierAttrProcessor
[THYMELEAF]         * "data-th-loop" [1000]: org.thymeleaf.standard.processor.attr.StandardConditionalFixedValueAttrProcessor
[THYMELEAF]         * "data-th-low" [1000]: org.thymeleaf.standard.processor.attr.StandardSingleRemovableAttributeModifierAttrProcessor
[THYMELEAF]         * "data-th-manifest" [1000]: org.thymeleaf.standard.processor.attr.StandardSingleRemovableAttributeModifierAttrProcessor
[THYMELEAF]         * "data-th-marginheight" [1000]: org.thymeleaf.standard.processor.attr.StandardSingleRemovableAttributeModifierAttrProcessor
[THYMELEAF]         * "data-th-marginwidth" [1000]: org.thymeleaf.standard.processor.attr.StandardSingleRemovableAttributeModifierAttrProcessor
[THYMELEAF]         * "data-th-max" [1000]: org.thymeleaf.standard.processor.attr.StandardSingleRemovableAttributeModifierAttrProcessor
[THYMELEAF]         * "data-th-maxlength" [1000]: org.thymeleaf.standard.processor.attr.StandardSingleRemovableAttributeModifierAttrProcessor
[THYMELEAF]         * "data-th-media" [1000]: org.thymeleaf.standard.processor.attr.StandardSingleRemovableAttributeModifierAttrProcessor
[THYMELEAF]         * "data-th-method" [990]: org.thymeleaf.spring4.processor.attr.SpringMethodAttrProcessor
[THYMELEAF]         * "data-th-min" [1000]: org.thymeleaf.standard.processor.attr.StandardSingleRemovableAttributeModifierAttrProcessor
[THYMELEAF]         * "data-th-multiple" [1000]: org.thymeleaf.standard.processor.attr.StandardConditionalFixedValueAttrProcessor
[THYMELEAF]         * "data-th-name" [1000]: org.thymeleaf.standard.processor.attr.StandardSingleNonRemovableAttributeModifierAttrProcessor
[THYMELEAF]         * "data-th-novalidate" [1000]: org.thymeleaf.standard.processor.attr.StandardConditionalFixedValueAttrProcessor
[THYMELEAF]         * "data-th-nowrap" [1000]: org.thymeleaf.standard.processor.attr.StandardConditionalFixedValueAttrProcessor
[THYMELEAF]         * "data-th-object" [500]: org.thymeleaf.spring4.processor.attr.SpringObjectAttrProcessor
[THYMELEAF]         * "data-th-onabort" [1000]: org.thymeleaf.standard.processor.attr.StandardDOMEventAttributeModifierAttrProcessor
[THYMELEAF]         * "data-th-onafterprint" [1000]: org.thymeleaf.standard.processor.attr.StandardDOMEventAttributeModifierAttrProcessor
[THYMELEAF]         * "data-th-onbeforeprint" [1000]: org.thymeleaf.standard.processor.attr.StandardDOMEventAttributeModifierAttrProcessor
[THYMELEAF]         * "data-th-onbeforeunload" [1000]: org.thymeleaf.standard.processor.attr.StandardDOMEventAttributeModifierAttrProcessor
[THYMELEAF]         * "data-th-onblur" [1000]: org.thymeleaf.standard.processor.attr.StandardDOMEventAttributeModifierAttrProcessor
[THYMELEAF]         * "data-th-oncanplay" [1000]: org.thymeleaf.standard.processor.attr.StandardDOMEventAttributeModifierAttrProcessor
[THYMELEAF]         * "data-th-oncanplaythrough" [1000]: org.thymeleaf.standard.processor.attr.StandardDOMEventAttributeModifierAttrProcessor
[THYMELEAF]         * "data-th-onchange" [1000]: org.thymeleaf.standard.processor.attr.StandardDOMEventAttributeModifierAttrProcessor
[THYMELEAF]         * "data-th-onclick" [1000]: org.thymeleaf.standard.processor.attr.StandardDOMEventAttributeModifierAttrProcessor
[THYMELEAF]         * "data-th-oncontextmenu" [1000]: org.thymeleaf.standard.processor.attr.StandardDOMEventAttributeModifierAttrProcessor
[THYMELEAF]         * "data-th-ondblclick" [1000]: org.thymeleaf.standard.processor.attr.StandardDOMEventAttributeModifierAttrProcessor
[THYMELEAF]         * "data-th-ondrag" [1000]: org.thymeleaf.standard.processor.attr.StandardDOMEventAttributeModifierAttrProcessor
[THYMELEAF]         * "data-th-ondragend" [1000]: org.thymeleaf.standard.processor.attr.StandardDOMEventAttributeModifierAttrProcessor
[THYMELEAF]         * "data-th-ondragenter" [1000]: org.thymeleaf.standard.processor.attr.StandardDOMEventAttributeModifierAttrProcessor
[THYMELEAF]         * "data-th-ondragleave" [1000]: org.thymeleaf.standard.processor.attr.StandardDOMEventAttributeModifierAttrProcessor
[THYMELEAF]         * "data-th-ondragover" [1000]: org.thymeleaf.standard.processor.attr.StandardDOMEventAttributeModifierAttrProcessor
[THYMELEAF]         * "data-th-ondragstart" [1000]: org.thymeleaf.standard.processor.attr.StandardDOMEventAttributeModifierAttrProcessor
[THYMELEAF]         * "data-th-ondrop" [1000]: org.thymeleaf.standard.processor.attr.StandardDOMEventAttributeModifierAttrProcessor
[THYMELEAF]         * "data-th-ondurationchange" [1000]: org.thymeleaf.standard.processor.attr.StandardDOMEventAttributeModifierAttrProcessor
[THYMELEAF]         * "data-th-onemptied" [1000]: org.thymeleaf.standard.processor.attr.StandardDOMEventAttributeModifierAttrProcessor
[THYMELEAF]         * "data-th-onended" [1000]: org.thymeleaf.standard.processor.attr.StandardDOMEventAttributeModifierAttrProcessor
[THYMELEAF]         * "data-th-onerror" [1000]: org.thymeleaf.standard.processor.attr.StandardDOMEventAttributeModifierAttrProcessor
[THYMELEAF]         * "data-th-onfocus" [1000]: org.thymeleaf.standard.processor.attr.StandardDOMEventAttributeModifierAttrProcessor
[THYMELEAF]         * "data-th-onformchange" [1000]: org.thymeleaf.standard.processor.attr.StandardDOMEventAttributeModifierAttrProcessor
[THYMELEAF]         * "data-th-onforminput" [1000]: org.thymeleaf.standard.processor.attr.StandardDOMEventAttributeModifierAttrProcessor
[THYMELEAF]         * "data-th-onhashchange" [1000]: org.thymeleaf.standard.processor.attr.StandardDOMEventAttributeModifierAttrProcessor
[THYMELEAF]         * "data-th-oninput" [1000]: org.thymeleaf.standard.processor.attr.StandardDOMEventAttributeModifierAttrProcessor
[THYMELEAF]         * "data-th-oninvalid" [1000]: org.thymeleaf.standard.processor.attr.StandardDOMEventAttributeModifierAttrProcessor
[THYMELEAF]         * "data-th-onkeydown" [1000]: org.thymeleaf.standard.processor.attr.StandardDOMEventAttributeModifierAttrProcessor
[THYMELEAF]         * "data-th-onkeypress" [1000]: org.thymeleaf.standard.processor.attr.StandardDOMEventAttributeModifierAttrProcessor
[THYMELEAF]         * "data-th-onkeyup" [1000]: org.thymeleaf.standard.processor.attr.StandardDOMEventAttributeModifierAttrProcessor
[THYMELEAF]         * "data-th-onload" [1000]: org.thymeleaf.standard.processor.attr.StandardDOMEventAttributeModifierAttrProcessor
[THYMELEAF]         * "data-th-onloadeddata" [1000]: org.thymeleaf.standard.processor.attr.StandardDOMEventAttributeModifierAttrProcessor
[THYMELEAF]         * "data-th-onloadedmetadata" [1000]: org.thymeleaf.standard.processor.attr.StandardDOMEventAttributeModifierAttrProcessor
[THYMELEAF]         * "data-th-onloadstart" [1000]: org.thymeleaf.standard.processor.attr.StandardDOMEventAttributeModifierAttrProcessor
[THYMELEAF]         * "data-th-onmessage" [1000]: org.thymeleaf.standard.processor.attr.StandardDOMEventAttributeModifierAttrProcessor
[THYMELEAF]         * "data-th-onmousedown" [1000]: org.thymeleaf.standard.processor.attr.StandardDOMEventAttributeModifierAttrProcessor
[THYMELEAF]         * "data-th-onmousemove" [1000]: org.thymeleaf.standard.processor.attr.StandardDOMEventAttributeModifierAttrProcessor
[THYMELEAF]         * "data-th-onmouseout" [1000]: org.thymeleaf.standard.processor.attr.StandardDOMEventAttributeModifierAttrProcessor
[THYMELEAF]         * "data-th-onmouseover" [1000]: org.thymeleaf.standard.processor.attr.StandardDOMEventAttributeModifierAttrProcessor
[THYMELEAF]         * "data-th-onmouseup" [1000]: org.thymeleaf.standard.processor.attr.StandardDOMEventAttributeModifierAttrProcessor
[THYMELEAF]         * "data-th-onmousewheel" [1000]: org.thymeleaf.standard.processor.attr.StandardDOMEventAttributeModifierAttrProcessor
[THYMELEAF]         * "data-th-onoffline" [1000]: org.thymeleaf.standard.processor.attr.StandardDOMEventAttributeModifierAttrProcessor
[THYMELEAF]         * "data-th-ononline" [1000]: org.thymeleaf.standard.processor.attr.StandardDOMEventAttributeModifierAttrProcessor
[THYMELEAF]         * "data-th-onpause" [1000]: org.thymeleaf.standard.processor.attr.StandardDOMEventAttributeModifierAttrProcessor
[THYMELEAF]         * "data-th-onplay" [1000]: org.thymeleaf.standard.processor.attr.StandardDOMEventAttributeModifierAttrProcessor
[THYMELEAF]         * "data-th-onplaying" [1000]: org.thymeleaf.standard.processor.attr.StandardDOMEventAttributeModifierAttrProcessor
[THYMELEAF]         * "data-th-onpopstate" [1000]: org.thymeleaf.standard.processor.attr.StandardDOMEventAttributeModifierAttrProcessor
[THYMELEAF]         * "data-th-onprogress" [1000]: org.thymeleaf.standard.processor.attr.StandardDOMEventAttributeModifierAttrProcessor
[THYMELEAF]         * "data-th-onratechange" [1000]: org.thymeleaf.standard.processor.attr.StandardDOMEventAttributeModifierAttrProcessor
[THYMELEAF]         * "data-th-onreadystatechange" [1000]: org.thymeleaf.standard.processor.attr.StandardDOMEventAttributeModifierAttrProcessor
[THYMELEAF]         * "data-th-onredo" [1000]: org.thymeleaf.standard.processor.attr.StandardDOMEventAttributeModifierAttrProcessor
[THYMELEAF]         * "data-th-onreset" [1000]: org.thymeleaf.standard.processor.attr.StandardDOMEventAttributeModifierAttrProcessor
[THYMELEAF]         * "data-th-onresize" [1000]: org.thymeleaf.standard.processor.attr.StandardDOMEventAttributeModifierAttrProcessor
[THYMELEAF]         * "data-th-onscroll" [1000]: org.thymeleaf.standard.processor.attr.StandardDOMEventAttributeModifierAttrProcessor
[THYMELEAF]         * "data-th-onseeked" [1000]: org.thymeleaf.standard.processor.attr.StandardDOMEventAttributeModifierAttrProcessor
[THYMELEAF]         * "data-th-onseeking" [1000]: org.thymeleaf.standard.processor.attr.StandardDOMEventAttributeModifierAttrProcessor
[THYMELEAF]         * "data-th-onselect" [1000]: org.thymeleaf.standard.processor.attr.StandardDOMEventAttributeModifierAttrProcessor
[THYMELEAF]         * "data-th-onshow" [1000]: org.thymeleaf.standard.processor.attr.StandardDOMEventAttributeModifierAttrProcessor
[THYMELEAF]         * "data-th-onstalled" [1000]: org.thymeleaf.standard.processor.attr.StandardDOMEventAttributeModifierAttrProcessor
[THYMELEAF]         * "data-th-onstorage" [1000]: org.thymeleaf.standard.processor.attr.StandardDOMEventAttributeModifierAttrProcessor
[THYMELEAF]         * "data-th-onsubmit" [1000]: org.thymeleaf.standard.processor.attr.StandardDOMEventAttributeModifierAttrProcessor
[THYMELEAF]         * "data-th-onsuspend" [1000]: org.thymeleaf.standard.processor.attr.StandardDOMEventAttributeModifierAttrProcessor
[THYMELEAF]         * "data-th-ontimeupdate" [1000]: org.thymeleaf.standard.processor.attr.StandardDOMEventAttributeModifierAttrProcessor
[THYMELEAF]         * "data-th-onundo" [1000]: org.thymeleaf.standard.processor.attr.StandardDOMEventAttributeModifierAttrProcessor
[THYMELEAF]         * "data-th-onunload" [1000]: org.thymeleaf.standard.processor.attr.StandardDOMEventAttributeModifierAttrProcessor
[THYMELEAF]         * "data-th-onvolumechange" [1000]: org.thymeleaf.standard.processor.attr.StandardDOMEventAttributeModifierAttrProcessor
[THYMELEAF]         * "data-th-onwaiting" [1000]: org.thymeleaf.standard.processor.attr.StandardDOMEventAttributeModifierAttrProcessor
[THYMELEAF]         * "data-th-open" [1000]: org.thymeleaf.standard.processor.attr.StandardConditionalFixedValueAttrProcessor
[THYMELEAF]         * "data-th-optimum" [1000]: org.thymeleaf.standard.processor.attr.StandardSingleRemovableAttributeModifierAttrProcessor
[THYMELEAF]         * "data-th-pattern" [1000]: org.thymeleaf.standard.processor.attr.StandardSingleRemovableAttributeModifierAttrProcessor
[THYMELEAF]         * "data-th-placeholder" [1000]: org.thymeleaf.standard.processor.attr.StandardSingleRemovableAttributeModifierAttrProcessor
[THYMELEAF]         * "data-th-poster" [1000]: org.thymeleaf.standard.processor.attr.StandardSingleRemovableAttributeModifierAttrProcessor
[THYMELEAF]         * "data-th-preload" [1000]: org.thymeleaf.standard.processor.attr.StandardSingleRemovableAttributeModifierAttrProcessor
[THYMELEAF]         * "data-th-pubdate" [1000]: org.thymeleaf.standard.processor.attr.StandardConditionalFixedValueAttrProcessor
[THYMELEAF]         * "data-th-radiogroup" [1000]: org.thymeleaf.standard.processor.attr.StandardSingleRemovableAttributeModifierAttrProcessor
[THYMELEAF]         * "data-th-readonly" [1000]: org.thymeleaf.standard.processor.attr.StandardConditionalFixedValueAttrProcessor
[THYMELEAF]         * "data-th-rel" [1000]: org.thymeleaf.standard.processor.attr.StandardSingleRemovableAttributeModifierAttrProcessor
[THYMELEAF]         * "data-th-remove" [1600]: org.thymeleaf.standard.processor.attr.StandardRemoveAttrProcessor
[THYMELEAF]         * "data-th-replace" [100]: org.thymeleaf.standard.processor.attr.StandardReplaceFragmentAttrProcessor
[THYMELEAF]         * "data-th-required" [1000]: org.thymeleaf.standard.processor.attr.StandardConditionalFixedValueAttrProcessor
[THYMELEAF]         * "data-th-rev" [1000]: org.thymeleaf.standard.processor.attr.StandardSingleRemovableAttributeModifierAttrProcessor
[THYMELEAF]         * "data-th-reversed" [1000]: org.thymeleaf.standard.processor.attr.StandardConditionalFixedValueAttrProcessor
[THYMELEAF]         * "data-th-rows" [1000]: org.thymeleaf.standard.processor.attr.StandardSingleRemovableAttributeModifierAttrProcessor
[THYMELEAF]         * "data-th-rowspan" [1000]: org.thymeleaf.standard.processor.attr.StandardSingleRemovableAttributeModifierAttrProcessor
[THYMELEAF]         * "data-th-rules" [1000]: org.thymeleaf.standard.processor.attr.StandardSingleRemovableAttributeModifierAttrProcessor
[THYMELEAF]         * "data-th-sandbox" [1000]: org.thymeleaf.standard.processor.attr.StandardSingleRemovableAttributeModifierAttrProcessor
[THYMELEAF]         * "data-th-scheme" [1000]: org.thymeleaf.standard.processor.attr.StandardSingleRemovableAttributeModifierAttrProcessor
[THYMELEAF]         * "data-th-scope" [1000]: org.thymeleaf.standard.processor.attr.StandardSingleRemovableAttributeModifierAttrProcessor
[THYMELEAF]         * "data-th-scoped" [1000]: org.thymeleaf.standard.processor.attr.StandardConditionalFixedValueAttrProcessor
[THYMELEAF]         * "data-th-scrolling" [1000]: org.thymeleaf.standard.processor.attr.StandardSingleRemovableAttributeModifierAttrProcessor
[THYMELEAF]         * "data-th-seamless" [1000]: org.thymeleaf.standard.processor.attr.StandardConditionalFixedValueAttrProcessor
[THYMELEAF]         * "data-th-selected" [1000]: org.thymeleaf.standard.processor.attr.StandardConditionalFixedValueAttrProcessor
[THYMELEAF]         * "data-th-size" [1000]: org.thymeleaf.standard.processor.attr.StandardSingleRemovableAttributeModifierAttrProcessor
[THYMELEAF]         * "data-th-sizes" [1000]: org.thymeleaf.standard.processor.attr.StandardSingleRemovableAttributeModifierAttrProcessor
[THYMELEAF]         * "data-th-span" [1000]: org.thymeleaf.standard.processor.attr.StandardSingleRemovableAttributeModifierAttrProcessor
[THYMELEAF]         * "data-th-spellcheck" [1000]: org.thymeleaf.standard.processor.attr.StandardSingleRemovableAttributeModifierAttrProcessor
[THYMELEAF]         * "data-th-src" [1000]: org.thymeleaf.spring4.processor.attr.SpringSrcAttrProcessor
[THYMELEAF]         * "data-th-srclang" [1000]: org.thymeleaf.standard.processor.attr.StandardSingleRemovableAttributeModifierAttrProcessor
[THYMELEAF]         * "data-th-standby" [1000]: org.thymeleaf.standard.processor.attr.StandardSingleRemovableAttributeModifierAttrProcessor
[THYMELEAF]         * "data-th-start" [1000]: org.thymeleaf.standard.processor.attr.StandardSingleRemovableAttributeModifierAttrProcessor
[THYMELEAF]         * "data-th-step" [1000]: org.thymeleaf.standard.processor.attr.StandardSingleRemovableAttributeModifierAttrProcessor
[THYMELEAF]         * "data-th-style" [1000]: org.thymeleaf.standard.processor.attr.StandardSingleRemovableAttributeModifierAttrProcessor
[THYMELEAF]         * "data-th-styleappend" [1100]: org.thymeleaf.standard.processor.attr.StandardStyleappendAttrProcessor
[THYMELEAF]         * "data-th-substituteby" [100]: org.thymeleaf.standard.processor.attr.StandardSubstituteByFragmentAttrProcessor
[THYMELEAF]         * "data-th-summary" [1000]: org.thymeleaf.standard.processor.attr.StandardSingleRemovableAttributeModifierAttrProcessor
[THYMELEAF]         * "data-th-switch" [250]: org.thymeleaf.standard.processor.attr.StandardSwitchAttrProcessor
[THYMELEAF]         * "data-th-tabindex" [1000]: org.thymeleaf.standard.processor.attr.StandardSingleRemovableAttributeModifierAttrProcessor
[THYMELEAF]         * "data-th-target" [1000]: org.thymeleaf.standard.processor.attr.StandardSingleRemovableAttributeModifierAttrProcessor
[THYMELEAF]         * "data-th-text" [1300]: org.thymeleaf.standard.processor.attr.StandardTextAttrProcessor
[THYMELEAF]         * "data-th-title" [1000]: org.thymeleaf.standard.processor.attr.StandardSingleRemovableAttributeModifierAttrProcessor
[THYMELEAF]         * "data-th-type" [1000]: org.thymeleaf.standard.processor.attr.StandardSingleNonRemovableAttributeModifierAttrProcessor
[THYMELEAF]         * "data-th-unless" [400]: org.thymeleaf.standard.processor.attr.StandardUnlessAttrProcessor
[THYMELEAF]         * "data-th-usemap" [1000]: org.thymeleaf.standard.processor.attr.StandardSingleRemovableAttributeModifierAttrProcessor
[THYMELEAF]         * "data-th-utext" [1400]: org.thymeleaf.standard.processor.attr.StandardUtextAttrProcessor
[THYMELEAF]         * "data-th-value" [1010]: org.thymeleaf.spring4.processor.attr.SpringValueAttrProcessor
[THYMELEAF]         * "data-th-valuetype" [1000]: org.thymeleaf.standard.processor.attr.StandardSingleRemovableAttributeModifierAttrProcessor
[THYMELEAF]         * "data-th-vspace" [1000]: org.thymeleaf.standard.processor.attr.StandardSingleRemovableAttributeModifierAttrProcessor
[THYMELEAF]         * "data-th-width" [1000]: org.thymeleaf.standard.processor.attr.StandardSingleRemovableAttributeModifierAttrProcessor
[THYMELEAF]         * "data-th-with" [600]: org.thymeleaf.standard.processor.attr.StandardWithAttrProcessor
[THYMELEAF]         * "data-th-wrap" [1000]: org.thymeleaf.standard.processor.attr.StandardSingleRemovableAttributeModifierAttrProcessor
[THYMELEAF]         * "data-th-xmlbase" [1000]: org.thymeleaf.standard.processor.attr.StandardXmlBaseAttrProcessor
[THYMELEAF]         * "data-th-xmllang" [1000]: org.thymeleaf.standard.processor.attr.StandardXmlLangAttrProcessor
[THYMELEAF]         * "data-th-xmlspace" [1000]: org.thymeleaf.standard.processor.attr.StandardXmlSpaceAttrProcessor
[THYMELEAF]         * "th:abbr" [1000]: org.thymeleaf.standard.processor.attr.StandardSingleRemovableAttributeModifierAttrProcessor
[THYMELEAF]         * "th:accept" [1000]: org.thymeleaf.standard.processor.attr.StandardSingleRemovableAttributeModifierAttrProcessor
[THYMELEAF]         * "th:accept-charset" [1000]: org.thymeleaf.standard.processor.attr.StandardSingleRemovableAttributeModifierAttrProcessor
[THYMELEAF]         * "th:accesskey" [1000]: org.thymeleaf.standard.processor.attr.StandardSingleRemovableAttributeModifierAttrProcessor
[THYMELEAF]         * "th:action" [1000]: org.thymeleaf.spring4.processor.attr.SpringActionAttrProcessor
[THYMELEAF]         * "th:align" [1000]: org.thymeleaf.standard.processor.attr.StandardSingleRemovableAttributeModifierAttrProcessor
[THYMELEAF]         * "th:alt" [1000]: org.thymeleaf.standard.processor.attr.StandardSingleRemovableAttributeModifierAttrProcessor
[THYMELEAF]         * "th:alt-title" [990]: org.thymeleaf.standard.processor.attr.StandardAltTitleAttrProcessor
[THYMELEAF]         * "th:archive" [1000]: org.thymeleaf.standard.processor.attr.StandardSingleRemovableAttributeModifierAttrProcessor
[THYMELEAF]         * "th:assert" [1550]: org.thymeleaf.standard.processor.attr.StandardAssertAttrProcessor
[THYMELEAF]         * "th:async" [1000]: org.thymeleaf.standard.processor.attr.StandardConditionalFixedValueAttrProcessor
[THYMELEAF]         * "th:attr" [700]: org.thymeleaf.standard.processor.attr.StandardAttrAttrProcessor
[THYMELEAF]         * "th:attrappend" [900]: org.thymeleaf.standard.processor.attr.StandardAttrappendAttrProcessor
[THYMELEAF]         * "th:attrprepend" [800]: org.thymeleaf.standard.processor.attr.StandardAttrprependAttrProcessor
[THYMELEAF]         * "th:audio" [1000]: org.thymeleaf.standard.processor.attr.StandardSingleRemovableAttributeModifierAttrProcessor
[THYMELEAF]         * "th:autocomplete" [1000]: org.thymeleaf.standard.processor.attr.StandardSingleRemovableAttributeModifierAttrProcessor
[THYMELEAF]         * "th:autofocus" [1000]: org.thymeleaf.standard.processor.attr.StandardConditionalFixedValueAttrProcessor
[THYMELEAF]         * "th:autoplay" [1000]: org.thymeleaf.standard.processor.attr.StandardConditionalFixedValueAttrProcessor
[THYMELEAF]         * "th:axis" [1000]: org.thymeleaf.standard.processor.attr.StandardSingleRemovableAttributeModifierAttrProcessor
[THYMELEAF]         * "th:background" [1000]: org.thymeleaf.standard.processor.attr.StandardSingleRemovableAttributeModifierAttrProcessor
[THYMELEAF]         * "th:bgcolor" [1000]: org.thymeleaf.standard.processor.attr.StandardSingleRemovableAttributeModifierAttrProcessor
[THYMELEAF]         * "th:border" [1000]: org.thymeleaf.standard.processor.attr.StandardSingleRemovableAttributeModifierAttrProcessor
[THYMELEAF]         * "th:case" [275]: org.thymeleaf.standard.processor.attr.StandardCaseAttrProcessor
[THYMELEAF]         * "th:cellpadding" [1000]: org.thymeleaf.standard.processor.attr.StandardSingleRemovableAttributeModifierAttrProcessor
[THYMELEAF]         * "th:cellspacing" [1000]: org.thymeleaf.standard.processor.attr.StandardSingleRemovableAttributeModifierAttrProcessor
[THYMELEAF]         * "th:challenge" [1000]: org.thymeleaf.standard.processor.attr.StandardSingleRemovableAttributeModifierAttrProcessor
[THYMELEAF]         * "th:charset" [1000]: org.thymeleaf.standard.processor.attr.StandardSingleRemovableAttributeModifierAttrProcessor
[THYMELEAF]         * "th:checked" [1000]: org.thymeleaf.standard.processor.attr.StandardConditionalFixedValueAttrProcessor
[THYMELEAF]         * "th:cite" [1000]: org.thymeleaf.standard.processor.attr.StandardSingleRemovableAttributeModifierAttrProcessor
[THYMELEAF]         * "th:class" [1000]: org.thymeleaf.standard.processor.attr.StandardSingleRemovableAttributeModifierAttrProcessor
[THYMELEAF]         * "th:classappend" [1100]: org.thymeleaf.standard.processor.attr.StandardClassappendAttrProcessor
[THYMELEAF]         * "th:classid" [1000]: org.thymeleaf.standard.processor.attr.StandardSingleRemovableAttributeModifierAttrProcessor
[THYMELEAF]         * "th:codebase" [1000]: org.thymeleaf.standard.processor.attr.StandardSingleRemovableAttributeModifierAttrProcessor
[THYMELEAF]         * "th:codetype" [1000]: org.thymeleaf.standard.processor.attr.StandardSingleRemovableAttributeModifierAttrProcessor
[THYMELEAF]         * "th:cols" [1000]: org.thymeleaf.standard.processor.attr.StandardSingleRemovableAttributeModifierAttrProcessor
[THYMELEAF]         * "th:colspan" [1000]: org.thymeleaf.standard.processor.attr.StandardSingleRemovableAttributeModifierAttrProcessor
[THYMELEAF]         * "th:compact" [1000]: org.thymeleaf.standard.processor.attr.StandardSingleRemovableAttributeModifierAttrProcessor
[THYMELEAF]         * "th:content" [1000]: org.thymeleaf.standard.processor.attr.StandardSingleRemovableAttributeModifierAttrProcessor
[THYMELEAF]         * "th:contenteditable" [1000]: org.thymeleaf.standard.processor.attr.StandardSingleRemovableAttributeModifierAttrProcessor
[THYMELEAF]         * "th:contextmenu" [1000]: org.thymeleaf.standard.processor.attr.StandardSingleRemovableAttributeModifierAttrProcessor
[THYMELEAF]         * "th:controls" [1000]: org.thymeleaf.standard.processor.attr.StandardConditionalFixedValueAttrProcessor
[THYMELEAF]         * "th:data" [1000]: org.thymeleaf.standard.processor.attr.StandardSingleRemovableAttributeModifierAttrProcessor
[THYMELEAF]         * "th:datetime" [1000]: org.thymeleaf.standard.processor.attr.StandardSingleRemovableAttributeModifierAttrProcessor
[THYMELEAF]         * "th:declare" [1000]: org.thymeleaf.standard.processor.attr.StandardConditionalFixedValueAttrProcessor
[THYMELEAF]         * "th:default" [1000]: org.thymeleaf.standard.processor.attr.StandardConditionalFixedValueAttrProcessor
[THYMELEAF]         * "th:defer" [1000]: org.thymeleaf.standard.processor.attr.StandardConditionalFixedValueAttrProcessor
[THYMELEAF]         * "th:dir" [1000]: org.thymeleaf.standard.processor.attr.StandardSingleRemovableAttributeModifierAttrProcessor
[THYMELEAF]         * "th:disabled" [1000]: org.thymeleaf.standard.processor.attr.StandardConditionalFixedValueAttrProcessor
[THYMELEAF]         * "th:draggable" [1000]: org.thymeleaf.standard.processor.attr.StandardSingleRemovableAttributeModifierAttrProcessor
[THYMELEAF]         * "th:dropzone" [1000]: org.thymeleaf.standard.processor.attr.StandardSingleRemovableAttributeModifierAttrProcessor
[THYMELEAF]         * "th:each" [200]: org.thymeleaf.standard.processor.attr.StandardEachAttrProcessor
[THYMELEAF]         * "th:enctype" [1000]: org.thymeleaf.standard.processor.attr.StandardSingleRemovableAttributeModifierAttrProcessor
[THYMELEAF]         * "th:errorclass" [1500]: org.thymeleaf.spring4.processor.attr.SpringErrorClassAttrProcessor
[THYMELEAF]         * "th:errors" [1200]: org.thymeleaf.spring4.processor.attr.SpringErrorsAttrProcessor
[THYMELEAF]         * "th:field" [1200]: org.thymeleaf.spring4.processor.attr.SpringInputGeneralFieldAttrProcessor
[THYMELEAF]         * "th:field" [1200]: org.thymeleaf.spring4.processor.attr.SpringInputGeneralFieldAttrProcessor
[THYMELEAF]         * "th:field" [1200]: org.thymeleaf.spring4.processor.attr.SpringInputGeneralFieldAttrProcessor
[THYMELEAF]         * "th:field" [1200]: org.thymeleaf.spring4.processor.attr.SpringInputGeneralFieldAttrProcessor
[THYMELEAF]         * "th:field" [1200]: org.thymeleaf.spring4.processor.attr.SpringInputGeneralFieldAttrProcessor
[THYMELEAF]         * "th:field" [1200]: org.thymeleaf.spring4.processor.attr.SpringInputGeneralFieldAttrProcessor
[THYMELEAF]         * "th:field" [1200]: org.thymeleaf.spring4.processor.attr.SpringInputGeneralFieldAttrProcessor
[THYMELEAF]         * "th:field" [1200]: org.thymeleaf.spring4.processor.attr.SpringInputGeneralFieldAttrProcessor
[THYMELEAF]         * "th:field" [1200]: org.thymeleaf.spring4.processor.attr.SpringInputGeneralFieldAttrProcessor
[THYMELEAF]         * "th:field" [1200]: org.thymeleaf.spring4.processor.attr.SpringInputPasswordFieldAttrProcessor
[THYMELEAF]         * "th:field" [1200]: org.thymeleaf.spring4.processor.attr.SpringInputGeneralFieldAttrProcessor
[THYMELEAF]         * "th:field" [1200]: org.thymeleaf.spring4.processor.attr.SpringInputGeneralFieldAttrProcessor
[THYMELEAF]         * "th:field" [1200]: org.thymeleaf.spring4.processor.attr.SpringInputFileFieldAttrProcessor
[THYMELEAF]         * "th:field" [1200]: org.thymeleaf.spring4.processor.attr.SpringInputGeneralFieldAttrProcessor
[THYMELEAF]         * "th:field" [1200]: org.thymeleaf.spring4.processor.attr.SpringTextareaFieldAttrProcessor
[THYMELEAF]         * "th:field" [1200]: org.thymeleaf.spring4.processor.attr.SpringInputGeneralFieldAttrProcessor
[THYMELEAF]         * "th:field" [1200]: org.thymeleaf.spring4.processor.attr.SpringInputRadioFieldAttrProcessor
[THYMELEAF]         * "th:field" [1200]: org.thymeleaf.spring4.processor.attr.SpringOptionFieldAttrProcessor
[THYMELEAF]         * "th:field" [1200]: org.thymeleaf.spring4.processor.attr.SpringInputGeneralFieldAttrProcessor
[THYMELEAF]         * "th:field" [1200]: org.thymeleaf.spring4.processor.attr.SpringInputGeneralFieldAttrProcessor
[THYMELEAF]         * "th:field" [1200]: org.thymeleaf.spring4.processor.attr.SpringInputCheckboxFieldAttrProcessor
[THYMELEAF]         * "th:field" [1200]: org.thymeleaf.spring4.processor.attr.SpringInputGeneralFieldAttrProcessor
[THYMELEAF]         * "th:field" [1200]: org.thymeleaf.spring4.processor.attr.SpringSelectFieldAttrProcessor
[THYMELEAF]         * "th:for" [1000]: org.thymeleaf.standard.processor.attr.StandardSingleRemovableAttributeModifierAttrProcessor
[THYMELEAF]         * "th:form" [1000]: org.thymeleaf.standard.processor.attr.StandardSingleRemovableAttributeModifierAttrProcessor
[THYMELEAF]         * "th:formaction" [1000]: org.thymeleaf.standard.processor.attr.StandardSingleRemovableAttributeModifierAttrProcessor
[THYMELEAF]         * "th:formenctype" [1000]: org.thymeleaf.standard.processor.attr.StandardSingleRemovableAttributeModifierAttrProcessor
[THYMELEAF]         * "th:formmethod" [1000]: org.thymeleaf.standard.processor.attr.StandardSingleRemovableAttributeModifierAttrProcessor
[THYMELEAF]         * "th:formnovalidate" [1000]: org.thymeleaf.standard.processor.attr.StandardConditionalFixedValueAttrProcessor
[THYMELEAF]         * "th:formtarget" [1000]: org.thymeleaf.standard.processor.attr.StandardSingleRemovableAttributeModifierAttrProcessor
[THYMELEAF]         * "th:fragment" [1500]: org.thymeleaf.standard.processor.attr.StandardFragmentAttrProcessor
[THYMELEAF]         * "th:frame" [1000]: org.thymeleaf.standard.processor.attr.StandardSingleRemovableAttributeModifierAttrProcessor
[THYMELEAF]         * "th:frameborder" [1000]: org.thymeleaf.standard.processor.attr.StandardSingleRemovableAttributeModifierAttrProcessor
[THYMELEAF]         * "th:headers" [1000]: org.thymeleaf.standard.processor.attr.StandardSingleRemovableAttributeModifierAttrProcessor
[THYMELEAF]         * "th:height" [1000]: org.thymeleaf.standard.processor.attr.StandardSingleRemovableAttributeModifierAttrProcessor
[THYMELEAF]         * "th:hidden" [1000]: org.thymeleaf.standard.processor.attr.StandardConditionalFixedValueAttrProcessor
[THYMELEAF]         * "th:high" [1000]: org.thymeleaf.standard.processor.attr.StandardSingleRemovableAttributeModifierAttrProcessor
[THYMELEAF]         * "th:href" [1000]: org.thymeleaf.spring4.processor.attr.SpringHrefAttrProcessor
[THYMELEAF]         * "th:hreflang" [1000]: org.thymeleaf.standard.processor.attr.StandardSingleRemovableAttributeModifierAttrProcessor
[THYMELEAF]         * "th:hspace" [1000]: org.thymeleaf.standard.processor.attr.StandardSingleRemovableAttributeModifierAttrProcessor
[THYMELEAF]         * "th:http-equiv" [1000]: org.thymeleaf.standard.processor.attr.StandardSingleRemovableAttributeModifierAttrProcessor
[THYMELEAF]         * "th:icon" [1000]: org.thymeleaf.standard.processor.attr.StandardSingleRemovableAttributeModifierAttrProcessor
[THYMELEAF]         * "th:id" [1000]: org.thymeleaf.standard.processor.attr.StandardSingleRemovableAttributeModifierAttrProcessor
[THYMELEAF]         * "th:if" [300]: org.thymeleaf.standard.processor.attr.StandardIfAttrProcessor
[THYMELEAF]         * "th:include" [100]: org.thymeleaf.standard.processor.attr.StandardIncludeFragmentAttrProcessor
[THYMELEAF]         * "th:inline" [1000]: org.thymeleaf.standard.processor.attr.StandardInlineAttrProcessor
[THYMELEAF]         * "th:ismap" [1000]: org.thymeleaf.standard.processor.attr.StandardConditionalFixedValueAttrProcessor
[THYMELEAF]         * "th:keytype" [1000]: org.thymeleaf.standard.processor.attr.StandardSingleRemovableAttributeModifierAttrProcessor
[THYMELEAF]         * "th:kind" [1000]: org.thymeleaf.standard.processor.attr.StandardSingleRemovableAttributeModifierAttrProcessor
[THYMELEAF]         * "th:label" [1000]: org.thymeleaf.standard.processor.attr.StandardSingleRemovableAttributeModifierAttrProcessor
[THYMELEAF]         * "th:lang" [1000]: org.thymeleaf.standard.processor.attr.StandardSingleRemovableAttributeModifierAttrProcessor
[THYMELEAF]         * "th:lang-xmllang" [990]: org.thymeleaf.standard.processor.attr.StandardLangXmlLangAttrProcessor
[THYMELEAF]         * "th:list" [1000]: org.thymeleaf.standard.processor.attr.StandardSingleRemovableAttributeModifierAttrProcessor
[THYMELEAF]         * "th:longdesc" [1000]: org.thymeleaf.standard.processor.attr.StandardSingleRemovableAttributeModifierAttrProcessor
[THYMELEAF]         * "th:loop" [1000]: org.thymeleaf.standard.processor.attr.StandardConditionalFixedValueAttrProcessor
[THYMELEAF]         * "th:low" [1000]: org.thymeleaf.standard.processor.attr.StandardSingleRemovableAttributeModifierAttrProcessor
[THYMELEAF]         * "th:manifest" [1000]: org.thymeleaf.standard.processor.attr.StandardSingleRemovableAttributeModifierAttrProcessor
[THYMELEAF]         * "th:marginheight" [1000]: org.thymeleaf.standard.processor.attr.StandardSingleRemovableAttributeModifierAttrProcessor
[THYMELEAF]         * "th:marginwidth" [1000]: org.thymeleaf.standard.processor.attr.StandardSingleRemovableAttributeModifierAttrProcessor
[THYMELEAF]         * "th:max" [1000]: org.thymeleaf.standard.processor.attr.StandardSingleRemovableAttributeModifierAttrProcessor
[THYMELEAF]         * "th:maxlength" [1000]: org.thymeleaf.standard.processor.attr.StandardSingleRemovableAttributeModifierAttrProcessor
[THYMELEAF]         * "th:media" [1000]: org.thymeleaf.standard.processor.attr.StandardSingleRemovableAttributeModifierAttrProcessor
[THYMELEAF]         * "th:method" [990]: org.thymeleaf.spring4.processor.attr.SpringMethodAttrProcessor
[THYMELEAF]         * "th:min" [1000]: org.thymeleaf.standard.processor.attr.StandardSingleRemovableAttributeModifierAttrProcessor
[THYMELEAF]         * "th:multiple" [1000]: org.thymeleaf.standard.processor.attr.StandardConditionalFixedValueAttrProcessor
[THYMELEAF]         * "th:name" [1000]: org.thymeleaf.standard.processor.attr.StandardSingleNonRemovableAttributeModifierAttrProcessor
[THYMELEAF]         * "th:novalidate" [1000]: org.thymeleaf.standard.processor.attr.StandardConditionalFixedValueAttrProcessor
[THYMELEAF]         * "th:nowrap" [1000]: org.thymeleaf.standard.processor.attr.StandardConditionalFixedValueAttrProcessor
[THYMELEAF]         * "th:object" [500]: org.thymeleaf.spring4.processor.attr.SpringObjectAttrProcessor
[THYMELEAF]         * "th:onabort" [1000]: org.thymeleaf.standard.processor.attr.StandardDOMEventAttributeModifierAttrProcessor
[THYMELEAF]         * "th:onafterprint" [1000]: org.thymeleaf.standard.processor.attr.StandardDOMEventAttributeModifierAttrProcessor
[THYMELEAF]         * "th:onbeforeprint" [1000]: org.thymeleaf.standard.processor.attr.StandardDOMEventAttributeModifierAttrProcessor
[THYMELEAF]         * "th:onbeforeunload" [1000]: org.thymeleaf.standard.processor.attr.StandardDOMEventAttributeModifierAttrProcessor
[THYMELEAF]         * "th:onblur" [1000]: org.thymeleaf.standard.processor.attr.StandardDOMEventAttributeModifierAttrProcessor
[THYMELEAF]         * "th:oncanplay" [1000]: org.thymeleaf.standard.processor.attr.StandardDOMEventAttributeModifierAttrProcessor
[THYMELEAF]         * "th:oncanplaythrough" [1000]: org.thymeleaf.standard.processor.attr.StandardDOMEventAttributeModifierAttrProcessor
[THYMELEAF]         * "th:onchange" [1000]: org.thymeleaf.standard.processor.attr.StandardDOMEventAttributeModifierAttrProcessor
[THYMELEAF]         * "th:onclick" [1000]: org.thymeleaf.standard.processor.attr.StandardDOMEventAttributeModifierAttrProcessor
[THYMELEAF]         * "th:oncontextmenu" [1000]: org.thymeleaf.standard.processor.attr.StandardDOMEventAttributeModifierAttrProcessor
[THYMELEAF]         * "th:ondblclick" [1000]: org.thymeleaf.standard.processor.attr.StandardDOMEventAttributeModifierAttrProcessor
[THYMELEAF]         * "th:ondrag" [1000]: org.thymeleaf.standard.processor.attr.StandardDOMEventAttributeModifierAttrProcessor
[THYMELEAF]         * "th:ondragend" [1000]: org.thymeleaf.standard.processor.attr.StandardDOMEventAttributeModifierAttrProcessor
[THYMELEAF]         * "th:ondragenter" [1000]: org.thymeleaf.standard.processor.attr.StandardDOMEventAttributeModifierAttrProcessor
[THYMELEAF]         * "th:ondragleave" [1000]: org.thymeleaf.standard.processor.attr.StandardDOMEventAttributeModifierAttrProcessor
[THYMELEAF]         * "th:ondragover" [1000]: org.thymeleaf.standard.processor.attr.StandardDOMEventAttributeModifierAttrProcessor
[THYMELEAF]         * "th:ondragstart" [1000]: org.thymeleaf.standard.processor.attr.StandardDOMEventAttributeModifierAttrProcessor
[THYMELEAF]         * "th:ondrop" [1000]: org.thymeleaf.standard.processor.attr.StandardDOMEventAttributeModifierAttrProcessor
[THYMELEAF]         * "th:ondurationchange" [1000]: org.thymeleaf.standard.processor.attr.StandardDOMEventAttributeModifierAttrProcessor
[THYMELEAF]         * "th:onemptied" [1000]: org.thymeleaf.standard.processor.attr.StandardDOMEventAttributeModifierAttrProcessor
[THYMELEAF]         * "th:onended" [1000]: org.thymeleaf.standard.processor.attr.StandardDOMEventAttributeModifierAttrProcessor
[THYMELEAF]         * "th:onerror" [1000]: org.thymeleaf.standard.processor.attr.StandardDOMEventAttributeModifierAttrProcessor
[THYMELEAF]         * "th:onfocus" [1000]: org.thymeleaf.standard.processor.attr.StandardDOMEventAttributeModifierAttrProcessor
[THYMELEAF]         * "th:onformchange" [1000]: org.thymeleaf.standard.processor.attr.StandardDOMEventAttributeModifierAttrProcessor
[THYMELEAF]         * "th:onforminput" [1000]: org.thymeleaf.standard.processor.attr.StandardDOMEventAttributeModifierAttrProcessor
[THYMELEAF]         * "th:onhashchange" [1000]: org.thymeleaf.standard.processor.attr.StandardDOMEventAttributeModifierAttrProcessor
[THYMELEAF]         * "th:oninput" [1000]: org.thymeleaf.standard.processor.attr.StandardDOMEventAttributeModifierAttrProcessor
[THYMELEAF]         * "th:oninvalid" [1000]: org.thymeleaf.standard.processor.attr.StandardDOMEventAttributeModifierAttrProcessor
[THYMELEAF]         * "th:onkeydown" [1000]: org.thymeleaf.standard.processor.attr.StandardDOMEventAttributeModifierAttrProcessor
[THYMELEAF]         * "th:onkeypress" [1000]: org.thymeleaf.standard.processor.attr.StandardDOMEventAttributeModifierAttrProcessor
[THYMELEAF]         * "th:onkeyup" [1000]: org.thymeleaf.standard.processor.attr.StandardDOMEventAttributeModifierAttrProcessor
[THYMELEAF]         * "th:onload" [1000]: org.thymeleaf.standard.processor.attr.StandardDOMEventAttributeModifierAttrProcessor
[THYMELEAF]         * "th:onloadeddata" [1000]: org.thymeleaf.standard.processor.attr.StandardDOMEventAttributeModifierAttrProcessor
[THYMELEAF]         * "th:onloadedmetadata" [1000]: org.thymeleaf.standard.processor.attr.StandardDOMEventAttributeModifierAttrProcessor
[THYMELEAF]         * "th:onloadstart" [1000]: org.thymeleaf.standard.processor.attr.StandardDOMEventAttributeModifierAttrProcessor
[THYMELEAF]         * "th:onmessage" [1000]: org.thymeleaf.standard.processor.attr.StandardDOMEventAttributeModifierAttrProcessor
[THYMELEAF]         * "th:onmousedown" [1000]: org.thymeleaf.standard.processor.attr.StandardDOMEventAttributeModifierAttrProcessor
[THYMELEAF]         * "th:onmousemove" [1000]: org.thymeleaf.standard.processor.attr.StandardDOMEventAttributeModifierAttrProcessor
[THYMELEAF]         * "th:onmouseout" [1000]: org.thymeleaf.standard.processor.attr.StandardDOMEventAttributeModifierAttrProcessor
[THYMELEAF]         * "th:onmouseover" [1000]: org.thymeleaf.standard.processor.attr.StandardDOMEventAttributeModifierAttrProcessor
[THYMELEAF]         * "th:onmouseup" [1000]: org.thymeleaf.standard.processor.attr.StandardDOMEventAttributeModifierAttrProcessor
[THYMELEAF]         * "th:onmousewheel" [1000]: org.thymeleaf.standard.processor.attr.StandardDOMEventAttributeModifierAttrProcessor
[THYMELEAF]         * "th:onoffline" [1000]: org.thymeleaf.standard.processor.attr.StandardDOMEventAttributeModifierAttrProcessor
[THYMELEAF]         * "th:ononline" [1000]: org.thymeleaf.standard.processor.attr.StandardDOMEventAttributeModifierAttrProcessor
[THYMELEAF]         * "th:onpause" [1000]: org.thymeleaf.standard.processor.attr.StandardDOMEventAttributeModifierAttrProcessor
[THYMELEAF]         * "th:onplay" [1000]: org.thymeleaf.standard.processor.attr.StandardDOMEventAttributeModifierAttrProcessor
[THYMELEAF]         * "th:onplaying" [1000]: org.thymeleaf.standard.processor.attr.StandardDOMEventAttributeModifierAttrProcessor
[THYMELEAF]         * "th:onpopstate" [1000]: org.thymeleaf.standard.processor.attr.StandardDOMEventAttributeModifierAttrProcessor
[THYMELEAF]         * "th:onprogress" [1000]: org.thymeleaf.standard.processor.attr.StandardDOMEventAttributeModifierAttrProcessor
[THYMELEAF]         * "th:onratechange" [1000]: org.thymeleaf.standard.processor.attr.StandardDOMEventAttributeModifierAttrProcessor
[THYMELEAF]         * "th:onreadystatechange" [1000]: org.thymeleaf.standard.processor.attr.StandardDOMEventAttributeModifierAttrProcessor
[THYMELEAF]         * "th:onredo" [1000]: org.thymeleaf.standard.processor.attr.StandardDOMEventAttributeModifierAttrProcessor
[THYMELEAF]         * "th:onreset" [1000]: org.thymeleaf.standard.processor.attr.StandardDOMEventAttributeModifierAttrProcessor
[THYMELEAF]         * "th:onresize" [1000]: org.thymeleaf.standard.processor.attr.StandardDOMEventAttributeModifierAttrProcessor
[THYMELEAF]         * "th:onscroll" [1000]: org.thymeleaf.standard.processor.attr.StandardDOMEventAttributeModifierAttrProcessor
[THYMELEAF]         * "th:onseeked" [1000]: org.thymeleaf.standard.processor.attr.StandardDOMEventAttributeModifierAttrProcessor
[THYMELEAF]         * "th:onseeking" [1000]: org.thymeleaf.standard.processor.attr.StandardDOMEventAttributeModifierAttrProcessor
[THYMELEAF]         * "th:onselect" [1000]: org.thymeleaf.standard.processor.attr.StandardDOMEventAttributeModifierAttrProcessor
[THYMELEAF]         * "th:onshow" [1000]: org.thymeleaf.standard.processor.attr.StandardDOMEventAttributeModifierAttrProcessor
[THYMELEAF]         * "th:onstalled" [1000]: org.thymeleaf.standard.processor.attr.StandardDOMEventAttributeModifierAttrProcessor
[THYMELEAF]         * "th:onstorage" [1000]: org.thymeleaf.standard.processor.attr.StandardDOMEventAttributeModifierAttrProcessor
[THYMELEAF]         * "th:onsubmit" [1000]: org.thymeleaf.standard.processor.attr.StandardDOMEventAttributeModifierAttrProcessor
[THYMELEAF]         * "th:onsuspend" [1000]: org.thymeleaf.standard.processor.attr.StandardDOMEventAttributeModifierAttrProcessor
[THYMELEAF]         * "th:ontimeupdate" [1000]: org.thymeleaf.standard.processor.attr.StandardDOMEventAttributeModifierAttrProcessor
[THYMELEAF]         * "th:onundo" [1000]: org.thymeleaf.standard.processor.attr.StandardDOMEventAttributeModifierAttrProcessor
[THYMELEAF]         * "th:onunload" [1000]: org.thymeleaf.standard.processor.attr.StandardDOMEventAttributeModifierAttrProcessor
[THYMELEAF]         * "th:onvolumechange" [1000]: org.thymeleaf.standard.processor.attr.StandardDOMEventAttributeModifierAttrProcessor
[THYMELEAF]         * "th:onwaiting" [1000]: org.thymeleaf.standard.processor.attr.StandardDOMEventAttributeModifierAttrProcessor
[THYMELEAF]         * "th:open" [1000]: org.thymeleaf.standard.processor.attr.StandardConditionalFixedValueAttrProcessor
[THYMELEAF]         * "th:optimum" [1000]: org.thymeleaf.standard.processor.attr.StandardSingleRemovableAttributeModifierAttrProcessor
[THYMELEAF]         * "th:pattern" [1000]: org.thymeleaf.standard.processor.attr.StandardSingleRemovableAttributeModifierAttrProcessor
[THYMELEAF]         * "th:placeholder" [1000]: org.thymeleaf.standard.processor.attr.StandardSingleRemovableAttributeModifierAttrProcessor
[THYMELEAF]         * "th:poster" [1000]: org.thymeleaf.standard.processor.attr.StandardSingleRemovableAttributeModifierAttrProcessor
[THYMELEAF]         * "th:preload" [1000]: org.thymeleaf.standard.processor.attr.StandardSingleRemovableAttributeModifierAttrProcessor
[THYMELEAF]         * "th:pubdate" [1000]: org.thymeleaf.standard.processor.attr.StandardConditionalFixedValueAttrProcessor
[THYMELEAF]         * "th:radiogroup" [1000]: org.thymeleaf.standard.processor.attr.StandardSingleRemovableAttributeModifierAttrProcessor
[THYMELEAF]         * "th:readonly" [1000]: org.thymeleaf.standard.processor.attr.StandardConditionalFixedValueAttrProcessor
[THYMELEAF]         * "th:rel" [1000]: org.thymeleaf.standard.processor.attr.StandardSingleRemovableAttributeModifierAttrProcessor
[THYMELEAF]         * "th:remove" [1600]: org.thymeleaf.standard.processor.attr.StandardRemoveAttrProcessor
[THYMELEAF]         * "th:replace" [100]: org.thymeleaf.standard.processor.attr.StandardReplaceFragmentAttrProcessor
[THYMELEAF]         * "th:required" [1000]: org.thymeleaf.standard.processor.attr.StandardConditionalFixedValueAttrProcessor
[THYMELEAF]         * "th:rev" [1000]: org.thymeleaf.standard.processor.attr.StandardSingleRemovableAttributeModifierAttrProcessor
[THYMELEAF]         * "th:reversed" [1000]: org.thymeleaf.standard.processor.attr.StandardConditionalFixedValueAttrProcessor
[THYMELEAF]         * "th:rows" [1000]: org.thymeleaf.standard.processor.attr.StandardSingleRemovableAttributeModifierAttrProcessor
[THYMELEAF]         * "th:rowspan" [1000]: org.thymeleaf.standard.processor.attr.StandardSingleRemovableAttributeModifierAttrProcessor
[THYMELEAF]         * "th:rules" [1000]: org.thymeleaf.standard.processor.attr.StandardSingleRemovableAttributeModifierAttrProcessor
[THYMELEAF]         * "th:sandbox" [1000]: org.thymeleaf.standard.processor.attr.StandardSingleRemovableAttributeModifierAttrProcessor
[THYMELEAF]         * "th:scheme" [1000]: org.thymeleaf.standard.processor.attr.StandardSingleRemovableAttributeModifierAttrProcessor
[THYMELEAF]         * "th:scope" [1000]: org.thymeleaf.standard.processor.attr.StandardSingleRemovableAttributeModifierAttrProcessor
[THYMELEAF]         * "th:scoped" [1000]: org.thymeleaf.standard.processor.attr.StandardConditionalFixedValueAttrProcessor
[THYMELEAF]         * "th:scrolling" [1000]: org.thymeleaf.standard.processor.attr.StandardSingleRemovableAttributeModifierAttrProcessor
[THYMELEAF]         * "th:seamless" [1000]: org.thymeleaf.standard.processor.attr.StandardConditionalFixedValueAttrProcessor
[THYMELEAF]         * "th:selected" [1000]: org.thymeleaf.standard.processor.attr.StandardConditionalFixedValueAttrProcessor
[THYMELEAF]         * "th:size" [1000]: org.thymeleaf.standard.processor.attr.StandardSingleRemovableAttributeModifierAttrProcessor
[THYMELEAF]         * "th:sizes" [1000]: org.thymeleaf.standard.processor.attr.StandardSingleRemovableAttributeModifierAttrProcessor
[THYMELEAF]         * "th:span" [1000]: org.thymeleaf.standard.processor.attr.StandardSingleRemovableAttributeModifierAttrProcessor
[THYMELEAF]         * "th:spellcheck" [1000]: org.thymeleaf.standard.processor.attr.StandardSingleRemovableAttributeModifierAttrProcessor
[THYMELEAF]         * "th:src" [1000]: org.thymeleaf.spring4.processor.attr.SpringSrcAttrProcessor
[THYMELEAF]         * "th:srclang" [1000]: org.thymeleaf.standard.processor.attr.StandardSingleRemovableAttributeModifierAttrProcessor
[THYMELEAF]         * "th:standby" [1000]: org.thymeleaf.standard.processor.attr.StandardSingleRemovableAttributeModifierAttrProcessor
[THYMELEAF]         * "th:start" [1000]: org.thymeleaf.standard.processor.attr.StandardSingleRemovableAttributeModifierAttrProcessor
[THYMELEAF]         * "th:step" [1000]: org.thymeleaf.standard.processor.attr.StandardSingleRemovableAttributeModifierAttrProcessor
[THYMELEAF]         * "th:style" [1000]: org.thymeleaf.standard.processor.attr.StandardSingleRemovableAttributeModifierAttrProcessor
[THYMELEAF]         * "th:styleappend" [1100]: org.thymeleaf.standard.processor.attr.StandardStyleappendAttrProcessor
[THYMELEAF]         * "th:substituteby" [100]: org.thymeleaf.standard.processor.attr.StandardSubstituteByFragmentAttrProcessor
[THYMELEAF]         * "th:summary" [1000]: org.thymeleaf.standard.processor.attr.StandardSingleRemovableAttributeModifierAttrProcessor
[THYMELEAF]         * "th:switch" [250]: org.thymeleaf.standard.processor.attr.StandardSwitchAttrProcessor
[THYMELEAF]         * "th:tabindex" [1000]: org.thymeleaf.standard.processor.attr.StandardSingleRemovableAttributeModifierAttrProcessor
[THYMELEAF]         * "th:target" [1000]: org.thymeleaf.standard.processor.attr.StandardSingleRemovableAttributeModifierAttrProcessor
[THYMELEAF]         * "th:text" [1300]: org.thymeleaf.standard.processor.attr.StandardTextAttrProcessor
[THYMELEAF]         * "th:title" [1000]: org.thymeleaf.standard.processor.attr.StandardSingleRemovableAttributeModifierAttrProcessor
[THYMELEAF]         * "th:type" [1000]: org.thymeleaf.standard.processor.attr.StandardSingleNonRemovableAttributeModifierAttrProcessor
[THYMELEAF]         * "th:unless" [400]: org.thymeleaf.standard.processor.attr.StandardUnlessAttrProcessor
[THYMELEAF]         * "th:usemap" [1000]: org.thymeleaf.standard.processor.attr.StandardSingleRemovableAttributeModifierAttrProcessor
[THYMELEAF]         * "th:utext" [1400]: org.thymeleaf.standard.processor.attr.StandardUtextAttrProcessor
[THYMELEAF]         * "th:value" [1010]: org.thymeleaf.spring4.processor.attr.SpringValueAttrProcessor
[THYMELEAF]         * "th:valuetype" [1000]: org.thymeleaf.standard.processor.attr.StandardSingleRemovableAttributeModifierAttrProcessor
[THYMELEAF]         * "th:vspace" [1000]: org.thymeleaf.standard.processor.attr.StandardSingleRemovableAttributeModifierAttrProcessor
[THYMELEAF]         * "th:width" [1000]: org.thymeleaf.standard.processor.attr.StandardSingleRemovableAttributeModifierAttrProcessor
[THYMELEAF]         * "th:with" [600]: org.thymeleaf.standard.processor.attr.StandardWithAttrProcessor
[THYMELEAF]         * "th:wrap" [1000]: org.thymeleaf.standard.processor.attr.StandardSingleRemovableAttributeModifierAttrProcessor
[THYMELEAF]         * "th:xmlbase" [1000]: org.thymeleaf.standard.processor.attr.StandardXmlBaseAttrProcessor
[THYMELEAF]         * "th:xmllang" [1000]: org.thymeleaf.standard.processor.attr.StandardXmlLangAttrProcessor
[THYMELEAF]         * "th:xmlspace" [1000]: org.thymeleaf.standard.processor.attr.StandardXmlSpaceAttrProcessor
[THYMELEAF]     * Processors with non-element-specific matching methods [precedence]:
[THYMELEAF]         * [AbstractTextNode] [100]: org.thymeleaf.standard.processor.text.StandardTextInliningTextProcessor
[THYMELEAF]     * Execution Attributes:
[THYMELEAF]         * "StandardExpressionExecutor": Standard Expression Executor with expression evaluator: SpringEL
[THYMELEAF]         * "StandardExpressionParser": Standard Expression Parser
[THYMELEAF]         * "StandardVariableExpressionEvaluator": SpringEL
[THYMELEAF]         * "StandardConversionService": org.thymeleaf.spring4.expression.SpringStandardConversionService@21ba0d33
[THYMELEAF]     * DOCTYPE translations:
[THYMELEAF]         * DOCTYPE Translation:
[THYMELEAF]             * Source: SYSTEM "http://www.thymeleaf.org/dtd/xhtml1-strict-thymeleaf-spring4-1.dtd"
[THYMELEAF]             * Target: PUBLIC "-//W3C//DTD XHTML 1.0 Strict//EN" "http://www.w3.org/TR/xhtml1/DTD/xhtml1-strict.dtd"
[THYMELEAF]         * DOCTYPE Translation:
[THYMELEAF]             * Source: SYSTEM "http://www.thymeleaf.org/dtd/xhtml1-transitional-thymeleaf-spring4-1.dtd"
[THYMELEAF]             * Target: PUBLIC "-//W3C//DTD XHTML 1.0 Transitional//EN" "http://www.w3.org/TR/xhtml1/DTD/xhtml1-transitional.dtd"
[THYMELEAF]         * DOCTYPE Translation:
[THYMELEAF]             * Source: SYSTEM "http://www.thymeleaf.org/dtd/xhtml1-frameset-thymeleaf-spring4-1.dtd"
[THYMELEAF]             * Target: PUBLIC "-//W3C//DTD XHTML 1.0 Frameset//EN" "http://www.w3.org/TR/xhtml1/DTD/xhtml1-frameset.dtd"
[THYMELEAF]         * DOCTYPE Translation:
[THYMELEAF]             * Source: SYSTEM "http://www.thymeleaf.org/dtd/xhtml11-thymeleaf-spring4-1.dtd"
[THYMELEAF]             * Target: PUBLIC "-//W3C//DTD XHTML 1.1//EN" "http://www.w3.org/TR/xhtml11/DTD/xhtml11.dtd"
[THYMELEAF]         * DOCTYPE Translation:
[THYMELEAF]             * Source: SYSTEM "http://www.thymeleaf.org/dtd/xhtml1-strict-thymeleaf-spring4-2.dtd"
[THYMELEAF]             * Target: PUBLIC "-//W3C//DTD XHTML 1.0 Strict//EN" "http://www.w3.org/TR/xhtml1/DTD/xhtml1-strict.dtd"
[THYMELEAF]         * DOCTYPE Translation:
[THYMELEAF]             * Source: SYSTEM "http://www.thymeleaf.org/dtd/xhtml1-transitional-thymeleaf-spring4-2.dtd"
[THYMELEAF]             * Target: PUBLIC "-//W3C//DTD XHTML 1.0 Transitional//EN" "http://www.w3.org/TR/xhtml1/DTD/xhtml1-transitional.dtd"
[THYMELEAF]         * DOCTYPE Translation:
[THYMELEAF]             * Source: SYSTEM "http://www.thymeleaf.org/dtd/xhtml1-frameset-thymeleaf-spring4-2.dtd"
[THYMELEAF]             * Target: PUBLIC "-//W3C//DTD XHTML 1.0 Frameset//EN" "http://www.w3.org/TR/xhtml1/DTD/xhtml1-frameset.dtd"
[THYMELEAF]         * DOCTYPE Translation:
[THYMELEAF]             * Source: SYSTEM "http://www.thymeleaf.org/dtd/xhtml11-thymeleaf-spring4-2.dtd"
[THYMELEAF]             * Target: PUBLIC "-//W3C//DTD XHTML 1.1//EN" "http://www.w3.org/TR/xhtml11/DTD/xhtml11.dtd"
[THYMELEAF]         * DOCTYPE Translation:
[THYMELEAF]             * Source: SYSTEM "http://www.thymeleaf.org/dtd/xhtml1-strict-thymeleaf-spring4-3.dtd"
[THYMELEAF]             * Target: PUBLIC "-//W3C//DTD XHTML 1.0 Strict//EN" "http://www.w3.org/TR/xhtml1/DTD/xhtml1-strict.dtd"
[THYMELEAF]         * DOCTYPE Translation:
[THYMELEAF]             * Source: SYSTEM "http://www.thymeleaf.org/dtd/xhtml1-transitional-thymeleaf-spring4-3.dtd"
[THYMELEAF]             * Target: PUBLIC "-//W3C//DTD XHTML 1.0 Transitional//EN" "http://www.w3.org/TR/xhtml1/DTD/xhtml1-transitional.dtd"
[THYMELEAF]         * DOCTYPE Translation:
[THYMELEAF]             * Source: SYSTEM "http://www.thymeleaf.org/dtd/xhtml1-frameset-thymeleaf-spring4-3.dtd"
[THYMELEAF]             * Target: PUBLIC "-//W3C//DTD XHTML 1.0 Frameset//EN" "http://www.w3.org/TR/xhtml1/DTD/xhtml1-frameset.dtd"
[THYMELEAF]         * DOCTYPE Translation:
[THYMELEAF]             * Source: SYSTEM "http://www.thymeleaf.org/dtd/xhtml11-thymeleaf-spring4-3.dtd"
[THYMELEAF]             * Target: PUBLIC "-//W3C//DTD XHTML 1.1//EN" "http://www.w3.org/TR/xhtml11/DTD/xhtml11.dtd"
[THYMELEAF]         * DOCTYPE Translation:
[THYMELEAF]             * Source: SYSTEM "http://www.thymeleaf.org/dtd/xhtml1-strict-thymeleaf-spring4-4.dtd"
[THYMELEAF]             * Target: PUBLIC "-//W3C//DTD XHTML 1.0 Strict//EN" "http://www.w3.org/TR/xhtml1/DTD/xhtml1-strict.dtd"
[THYMELEAF]         * DOCTYPE Translation:
[THYMELEAF]             * Source: SYSTEM "http://www.thymeleaf.org/dtd/xhtml1-transitional-thymeleaf-spring4-4.dtd"
[THYMELEAF]             * Target: PUBLIC "-//W3C//DTD XHTML 1.0 Transitional//EN" "http://www.w3.org/TR/xhtml1/DTD/xhtml1-transitional.dtd"
[THYMELEAF]         * DOCTYPE Translation:
[THYMELEAF]             * Source: SYSTEM "http://www.thymeleaf.org/dtd/xhtml1-frameset-thymeleaf-spring4-4.dtd"
[THYMELEAF]             * Target: PUBLIC "-//W3C//DTD XHTML 1.0 Frameset//EN" "http://www.w3.org/TR/xhtml1/DTD/xhtml1-frameset.dtd"
[THYMELEAF]         * DOCTYPE Translation:
[THYMELEAF]             * Source: SYSTEM "http://www.thymeleaf.org/dtd/xhtml11-thymeleaf-spring4-4.dtd"
[THYMELEAF]             * Target: PUBLIC "-//W3C//DTD XHTML 1.1//EN" "http://www.w3.org/TR/xhtml11/DTD/xhtml11.dtd"
[THYMELEAF]     * DOCTYPE resolution entries:
[THYMELEAF]         * PUBLIC "-//W3C//ENTITIES Special for XHTML//EN" "*"
[THYMELEAF]         * PUBLIC "-//W3C//ENTITIES Symbols for XHTML//EN" "*"
[THYMELEAF]         * PUBLIC "-//W3C//ENTITIES Latin 1 for XHTML//EN" "*"
[THYMELEAF]         * PUBLIC "-//W3C//DTD XHTML 1.0 Strict//EN" "http://www.w3.org/TR/xhtml1/DTD/xhtml1-strict.dtd"
[THYMELEAF]         * PUBLIC "-//W3C//DTD XHTML 1.0 Transitional//EN" "http://www.w3.org/TR/xhtml1/DTD/xhtml1-transitional.dtd"
[THYMELEAF]         * PUBLIC "-//W3C//DTD XHTML 1.0 Frameset//EN" "http://www.w3.org/TR/xhtml1/DTD/xhtml1-frameset.dtd"
[THYMELEAF]         * PUBLIC "-//W3C//ELEMENTS XHTML Editing Elements 1.0//EN" "*"
[THYMELEAF]         * PUBLIC "-//W3C//ELEMENTS XHTML Base Element 1.0//EN" "*"
[THYMELEAF]         * PUBLIC "-//W3C//ELEMENTS XHTML Server-side Image Maps 1.0//EN" "*"
[THYMELEAF]         * PUBLIC "-//W3C//ELEMENTS XHTML Client-side Image Maps 1.0//EN" "*"
[THYMELEAF]         * PUBLIC "-//W3C//ENTITIES XHTML Common Attributes 1.0//EN" "*"
[THYMELEAF]         * PUBLIC "-//W3C//ELEMENTS XHTML Presentation 1.0//EN" "*"
[THYMELEAF]         * PUBLIC "-//W3C//ELEMENTS XHTML Metainformation 1.0//EN" "*"
[THYMELEAF]         * PUBLIC "-//W3C//ELEMENTS XHTML BIDI Override Element 1.0//EN" "*"
[THYMELEAF]         * PUBLIC "-//W3C//ELEMENTS XHTML Scripting 1.0//EN" "*"
[THYMELEAF]         * PUBLIC "-//W3C//ELEMENTS XHTML Block Structural 1.0//EN" "*"
[THYMELEAF]         * PUBLIC "-//W3C//ELEMENTS XHTML Block Presentation 1.0//EN" "*"
[THYMELEAF]         * PUBLIC "-//W3C//ENTITIES XHTML Intrinsic Events 1.0//EN" "*"
[THYMELEAF]         * PUBLIC "-//W3C//ELEMENTS XHTML Inline Presentation 1.0//EN" "*"
[THYMELEAF]         * PUBLIC "-//W3C//ENTITIES XHTML Qualified Names 1.0//EN" "*"
[THYMELEAF]         * PUBLIC "-//W3C//ELEMENTS XHTML Param Element 1.0//EN" "*"
[THYMELEAF]         * PUBLIC "-//W3C//ELEMENTS XHTML Inline Structural 1.0//EN" "*"
[THYMELEAF]         * PUBLIC "-//W3C//ELEMENTS XHTML Text 1.0//EN" "*"
[THYMELEAF]         * PUBLIC "-//W3C//ENTITIES XHTML Modular Framework 1.0//EN" "*"
[THYMELEAF]         * PUBLIC "-//W3C//ELEMENTS XHTML Link Element 1.0//EN" "*"
[THYMELEAF]         * PUBLIC "-//W3C//ELEMENTS XHTML Forms 1.0//EN" "*"
[THYMELEAF]         * PUBLIC "-//W3C//DTD XHTML 1.1//EN" "http://www.w3.org/TR/xhtml11/DTD/xhtml11.dtd"
[THYMELEAF]         * PUBLIC "-//W3C//ELEMENTS XHTML Hypertext 1.0//EN" "*"
[THYMELEAF]         * PUBLIC "-//W3C//ELEMENTS XHTML Images 1.0//EN" "*"
[THYMELEAF]         * PUBLIC "-//W3C//ELEMENTS XHTML Inline Phrasal 1.0//EN" "*"
[THYMELEAF]         * PUBLIC "-//W3C//ELEMENTS XHTML Style Sheets 1.0//EN" "*"
[THYMELEAF]         * PUBLIC "-//W3C//ENTITIES XHTML 1.1 Document Model 1.0//EN" "*"
[THYMELEAF]         * PUBLIC "-//W3C//ENTITIES XHTML Datatypes 1.0//EN" "*"
[THYMELEAF]         * PUBLIC "-//W3C//ENTITIES XHTML Character Entities 1.0//EN" "*"
[THYMELEAF]         * PUBLIC "-//W3C//ELEMENTS XHTML Lists 1.0//EN" "*"
[THYMELEAF]         * PUBLIC "-//W3C//ELEMENTS XHTML Block Phrasal 1.0//EN" "*"
[THYMELEAF]         * PUBLIC "-//W3C//ELEMENTS XHTML Ruby 1.0//EN" "*"
[THYMELEAF]         * PUBLIC "-//W3C//ELEMENTS XHTML Inline Style 1.0//EN" "*"
[THYMELEAF]         * PUBLIC "-//W3C//ELEMENTS XHTML Embedded Object 1.0//EN" "*"
[THYMELEAF]         * PUBLIC "-//W3C//ELEMENTS XHTML Document Structure 1.0//EN" "*"
[THYMELEAF]         * PUBLIC "-//W3C//ELEMENTS XHTML Tables 1.0//EN" "*"
[THYMELEAF]         * SYSTEM "about:legacy-compat"
[THYMELEAF]         * SYSTEM "http://www.thymeleaf.org/dtd/xhtml1-strict-thymeleaf-spring4-1.dtd"
[THYMELEAF]         * SYSTEM "http://www.thymeleaf.org/dtd/xhtml1-transitional-thymeleaf-spring4-1.dtd"
[THYMELEAF]         * SYSTEM "http://www.thymeleaf.org/dtd/xhtml1-frameset-thymeleaf-spring4-1.dtd"
[THYMELEAF]         * SYSTEM "http://www.thymeleaf.org/dtd/xhtml11-thymeleaf-spring4-1.dtd"
[THYMELEAF]         * SYSTEM "http://www.thymeleaf.org/dtd/xhtml1-strict-thymeleaf-spring4-2.dtd"
[THYMELEAF]         * SYSTEM "http://www.thymeleaf.org/dtd/xhtml1-transitional-thymeleaf-spring4-2.dtd"
[THYMELEAF]         * SYSTEM "http://www.thymeleaf.org/dtd/xhtml1-frameset-thymeleaf-spring4-2.dtd"
[THYMELEAF]         * SYSTEM "http://www.thymeleaf.org/dtd/xhtml11-thymeleaf-spring4-2.dtd"
[THYMELEAF]         * SYSTEM "http://www.thymeleaf.org/dtd/xhtml1-strict-thymeleaf-spring4-3.dtd"
[THYMELEAF]         * SYSTEM "http://www.thymeleaf.org/dtd/xhtml1-transitional-thymeleaf-spring4-3.dtd"
[THYMELEAF]         * SYSTEM "http://www.thymeleaf.org/dtd/xhtml1-frameset-thymeleaf-spring4-3.dtd"
[THYMELEAF]         * SYSTEM "http://www.thymeleaf.org/dtd/xhtml11-thymeleaf-spring4-3.dtd"
[THYMELEAF]         * SYSTEM "http://www.thymeleaf.org/dtd/xhtml1-strict-thymeleaf-spring4-4.dtd"
[THYMELEAF]         * SYSTEM "http://www.thymeleaf.org/dtd/xhtml1-transitional-thymeleaf-spring4-4.dtd"
[THYMELEAF]         * SYSTEM "http://www.thymeleaf.org/dtd/xhtml1-frameset-thymeleaf-spring4-4.dtd"
[THYMELEAF]         * SYSTEM "http://www.thymeleaf.org/dtd/xhtml11-thymeleaf-spring4-4.dtd"
[THYMELEAF] * Dialect [2 of 2]: nz.net.ultraq.thymeleaf.LayoutDialect
[THYMELEAF]     * Prefix: "layout"
[THYMELEAF]     * Processors matching nodes by element attribute [precedence]:
[THYMELEAF]         * "data-layout-decorator" [0]: nz.net.ultraq.thymeleaf.decorators.DecoratorProcessor
[THYMELEAF]         * "data-layout-fragment" [1]: nz.net.ultraq.thymeleaf.fragments.FragmentProcessor
[THYMELEAF]         * "data-layout-include" [0]: nz.net.ultraq.thymeleaf.includes.IncludeProcessor
[THYMELEAF]         * "data-layout-replace" [0]: nz.net.ultraq.thymeleaf.includes.ReplaceProcessor
[THYMELEAF]         * "data-layout-title-pattern" [1]: nz.net.ultraq.thymeleaf.decorators.TitlePatternProcessor
[THYMELEAF]         * "layout:decorator" [0]: nz.net.ultraq.thymeleaf.decorators.DecoratorProcessor
[THYMELEAF]         * "layout:fragment" [1]: nz.net.ultraq.thymeleaf.fragments.FragmentProcessor
[THYMELEAF]         * "layout:include" [0]: nz.net.ultraq.thymeleaf.includes.IncludeProcessor
[THYMELEAF]         * "layout:replace" [0]: nz.net.ultraq.thymeleaf.includes.ReplaceProcessor
[THYMELEAF]         * "layout:title-pattern" [1]: nz.net.ultraq.thymeleaf.decorators.TitlePatternProcessor
[THYMELEAF]     * DOCTYPE translations:
[THYMELEAF]     * DOCTYPE resolution entries:
[THYMELEAF] TEMPLATE ENGINE CONFIGURED OK
15:05:09.482 [main] INFO org.thymeleaf.TemplateEngine - [THYMELEAF] TEMPLATE ENGINE INITIALIZED
15:05:09.482 [main] DEBUG org.springframework.beans.factory.support.DefaultListableBeanFactory - Returning cached instance of singleton bean 'requestDataValueProcessor'
15:05:09.482 [main] DEBUG org.thymeleaf.TemplateEngine - [THYMELEAF][main] STARTING PROCESS OF TEMPLATE "register" WITH LOCALE en
15:05:09.482 [main] DEBUG org.thymeleaf.TemplateRepository - [THYMELEAF][main] Template "register" was correctly resolved as resource "classpath:/templates/register.html" in mode HTML5 with resource resolver "SPRING-RESOURCE"
15:05:09.492 [main] DEBUG org.thymeleaf.TemplateEngine - [THYMELEAF][main] Starting process on template "register" using mode "HTML5"
15:05:09.492 [main] DEBUG org.thymeleaf.TemplateEngine.cache.EXPRESSION_CACHE - [THYMELEAF][CACHE_INITIALIZE] Initializing cache EXPRESSION_CACHE. Max size: 500. Soft references are used.
15:05:09.492 [main] DEBUG org.springframework.ui.context.support.ResourceBundleThemeSource - Theme created: name 'theme', basename [theme]
15:05:09.514 [main] DEBUG org.springframework.beans.BeanUtils - No property editor [java.lang.StringEditor] found for type java.lang.String according to 'Editor' suffix convention
15:05:09.539 [main] DEBUG org.springframework.beans.BeanUtils - No property editor [java.lang.IntegerEditor] found for type java.lang.Integer according to 'Editor' suffix convention
15:05:09.541 [main] DEBUG org.thymeleaf.TemplateEngine - [THYMELEAF][main] Finished process on template "register" using mode "HTML5"
15:05:09.542 [main] DEBUG org.springframework.security.web.context.HttpSessionSecurityContextRepository - SecurityContext is empty or contents are anonymous - context will not be stored in HttpSession.
15:05:09.542 [main] DEBUG org.thymeleaf.TemplateEngine - [THYMELEAF][main] FINISHED PROCESS AND OUTPUT OF TEMPLATE "register" WITH LOCALE en
15:05:09.542 [main] DEBUG org.thymeleaf.TemplateEngine.TIMER - [THYMELEAF][main][register][en][60558186][61] TEMPLATE "register" WITH LOCALE en PROCESSED IN 60558186 nanoseconds (approx. 61ms)
15:05:09.543 [main] DEBUG org.springframework.orm.jpa.support.OpenEntityManagerInViewInterceptor - Closing JPA EntityManager in OpenEntityManagerInViewInterceptor
15:05:09.543 [main] DEBUG org.springframework.orm.jpa.EntityManagerFactoryUtils - Closing JPA EntityManager
15:05:09.543 [main] DEBUG org.springframework.test.web.servlet.TestDispatcherServlet - Successfully completed request
15:05:09.544 [main] DEBUG org.springframework.security.web.access.ExceptionTranslationFilter - Chain processed normally
15:05:09.544 [main] DEBUG org.springframework.security.web.context.SecurityContextPersistenceFilter - SecurityContextHolder now cleared, as request processing completed

MockHttpServletRequest:
      HTTP Method = GET
      Request URI = /registration
       Parameters = {}
          Headers = {}

Handler:
             Type = pizzaOrder.client.controller.UserController
           Method = public java.lang.String pizzaOrder.client.controller.UserController.registration(org.springframework.ui.Model)

Async:
    Async started = false
     Async result = null

Resolved Exception:
             Type = null

ModelAndView:
        View name = register
             View = null
        Attribute = nonActivatedUser
            value = pizzaOrder.restService.model.nonActivatedUsers.NonActivatedUser@54d20609
           errors = []

FlashMap:
       Attributes = null

MockHttpServletResponse:
           Status = 200
    Error message = null
          Headers = {X-Content-Type-Options=[nosniff], X-XSS-Protection=[1; mode=block], Cache-Control=[no-cache, no-store, max-age=0, must-revalidate], Pragma=[no-cache], Expires=[0], X-Frame-Options=[DENY], Content-Type=[text/html;charset=UTF-8]}
     Content type = text/html;charset=UTF-8
             Body = <!DOCTYPE html>

 <html lang="pl"> 
<head> 
    <title>Registration</title>
	<link rel="stylesheet" type="text/css" href="css/style.css" />
	<link rel="stylesheet" type="text/css" href="../fontello/css/fontello.css" />
    <link href="https://fonts.googleapis.com/css?family=Dosis:200,400" rel="stylesheet" />
	<link rel="icon" type="image/png" sizes="16x16" href="../img/favicon-16x16.png" />

<script>
    function klikaj(i) {
        document.getElementById(i).style.display = 'block';
    }
</script>
	
</head>
<body>

<header>
		<div id="header_container">
			 <a href="/"> 
	 			<img id="logo" src="../img/logo.png" />
				<h1>PizzaOrder</h1>
			</a>
			
			<div id="unloggedUser">
				<div class="icon-login" onclick="klikaj('id01')">Login</div>
				<a href="/registration">
					<div class="icon-user">Register</div>
				</a>
				<div class="clear"></div>
			</div>
			
		</div>
	<!-- </a> -->
</header>
 
 <div id="container">
 <form action="/registration" method="post">
            <table>
                <tr>
                    <td><span class="asterisk"> &#42;</span> <input type="text" placeholder="Username" id="username" name="username" value="" /></td>
                    
                </tr>
                <tr>
                    <td><span class="asterisk"> &#42;</span> <input type="password" placeholder="Password" id="password" name="password" value="" /></td>
                     
                </tr>
                <tr>
                    <td><span class="asterisk"> &#42;</span> <input type="password" placeholder="Confirm password" id="passwordConfirm" name="passwordConfirm" value="" /></td>
                    
                </tr>
                <tr>
                    <td><span class="asterisk"> &#42;</span> <input type="email" placeholder="Email" id="mail" name="mail" value="" /></td>
                    
                </tr>
                <tr>
                    <td><span class="asterisk"> &#42;</span> <input id="phone" type="number" placeholder="Phone" name="phone" value="" /></td>
                    
                </tr>
          		<tr>
          			<td><span class="asterisk"> &#42;</span>
          			        <select id="role" name="role">
          			            <option value="" selected="selected">Select role:</option>
                				<option value="ROLE_USER">User</option>
              					<option value="ROLE_RESTAURANT_OWNER">Restaurant owner</option>
            				</select>
            		</td>
            		
          		</tr>         	   
                <tr>                	
                    <td><span class="asterisk" style="opacity:0;"> &#42;</span>
                    <input type="submit" value="Submit" /></td>
                </tr>
            </table>
        </form>
</div>    
<div class="socials">
	<div class="socialdivs">
		<div class="fb">
			<i class="icon-facebook"></i>
		</div>
		<div class="yt">
			<i class="icon-youtube"></i>
		</div>
		<div class="tw">
			<i class="icon-twitter"></i>
		</div>
		<div class="gplus">
			<i class="icon-gplus"></i>
		</div>
		<div style="clear:both"></div>
	</div>
</div>    

	<!-- The Modal -->
	<div id="id01" class="modal">
		<div class="modal-content animate">

			<div onclick="document.getElementById('id01').style.display='none'" class="close" title="Close Modal">&times;</div>
				
			  <!-- Modal Content -->
			<div id="login_content">

				 
				<form id="login_form" method="post" action="/login">
					<input type="text" id="username" name="username" autofocus="autofocus" placeholder="Login" /> <br /> 
					<input type="password" id="password" name="password" placeholder="Password" /> <br /> 
					<input type="submit" value="Log in" />
				</form>
				<p>Don't have an account yet? <a href="/registration"><b>Register now!</b></a></p>
			</div>	
		</div>
	</div>

<script type="text/javascript"> 
  document.getElementById("phone").setAttribute('value','');
</script>
	<script>
		// Get the modal
		var modal = document.getElementById('id01');

		// When the user clicks anywhere outside of the modal, close it
		window.onclick = function(event) {
		    if (event.target == modal) {
		        modal.style.display = "none";
		    }
		}	
	</script>
</body>
</html>
    Forwarded URL = null
   Redirected URL = null
          Cookies = []
15:05:09.559 [main] DEBUG org.springframework.test.context.cache.DefaultCacheAwareContextLoaderDelegate - Retrieved ApplicationContext from cache with key [[WebMergedContextConfiguration@62fee9c3 testClass = UserControllerTest, locations = '{}', classes = '{class pizzaOrder.Application}', contextInitializerClasses = '[]', activeProfiles = '{}', propertySourceLocations = '{}', propertySourceProperties = '{}', contextCustomizers = set[org.springframework.boot.test.context.filter.ExcludeFilterContextCustomizer@4a87761d, org.springframework.boot.test.mock.mockito.MockitoContextCustomizer@1bdc315c, org.springframework.boot.test.autoconfigure.properties.PropertyMappingContextCustomizer@0, org.springframework.boot.test.autoconfigure.web.servlet.WebDriverContextCustomizerFactory$Customizer@eb21112, org.springframework.test.context.web.socket.MockServerContainerContextCustomizer@706a04ae], resourceBasePath = 'src/main/webapp', contextLoader = 'org.springframework.test.context.web.WebDelegatingSmartContextLoader', parent = [null]]]
15:05:09.559 [main] DEBUG org.springframework.test.context.cache - Spring test ApplicationContext cache statistics: [DefaultContextCache@6109d880 size = 5, maxSize = 32, parentContextCount = 0, hitCount = 153, missCount = 5]
15:05:09.560 [main] DEBUG org.springframework.test.context.cache.DefaultCacheAwareContextLoaderDelegate - Retrieved ApplicationContext from cache with key [[WebMergedContextConfiguration@62fee9c3 testClass = UserControllerTest, locations = '{}', classes = '{class pizzaOrder.Application}', contextInitializerClasses = '[]', activeProfiles = '{}', propertySourceLocations = '{}', propertySourceProperties = '{}', contextCustomizers = set[org.springframework.boot.test.context.filter.ExcludeFilterContextCustomizer@4a87761d, org.springframework.boot.test.mock.mockito.MockitoContextCustomizer@1bdc315c, org.springframework.boot.test.autoconfigure.properties.PropertyMappingContextCustomizer@0, org.springframework.boot.test.autoconfigure.web.servlet.WebDriverContextCustomizerFactory$Customizer@eb21112, org.springframework.test.context.web.socket.MockServerContainerContextCustomizer@706a04ae], resourceBasePath = 'src/main/webapp', contextLoader = 'org.springframework.test.context.web.WebDelegatingSmartContextLoader', parent = [null]]]
15:05:09.560 [main] DEBUG org.springframework.test.context.cache - Spring test ApplicationContext cache statistics: [DefaultContextCache@6109d880 size = 5, maxSize = 32, parentContextCount = 0, hitCount = 154, missCount = 5]
15:05:09.561 [main] DEBUG org.springframework.test.context.cache.DefaultCacheAwareContextLoaderDelegate - Retrieved ApplicationContext from cache with key [[WebMergedContextConfiguration@62fee9c3 testClass = UserControllerTest, locations = '{}', classes = '{class pizzaOrder.Application}', contextInitializerClasses = '[]', activeProfiles = '{}', propertySourceLocations = '{}', propertySourceProperties = '{}', contextCustomizers = set[org.springframework.boot.test.context.filter.ExcludeFilterContextCustomizer@4a87761d, org.springframework.boot.test.mock.mockito.MockitoContextCustomizer@1bdc315c, org.springframework.boot.test.autoconfigure.properties.PropertyMappingContextCustomizer@0, org.springframework.boot.test.autoconfigure.web.servlet.WebDriverContextCustomizerFactory$Customizer@eb21112, org.springframework.test.context.web.socket.MockServerContainerContextCustomizer@706a04ae], resourceBasePath = 'src/main/webapp', contextLoader = 'org.springframework.test.context.web.WebDelegatingSmartContextLoader', parent = [null]]]
15:05:09.561 [main] DEBUG org.springframework.test.context.cache - Spring test ApplicationContext cache statistics: [DefaultContextCache@6109d880 size = 5, maxSize = 32, parentContextCount = 0, hitCount = 155, missCount = 5]
15:05:09.562 [main] DEBUG org.springframework.beans.factory.support.DefaultListableBeanFactory - Returning cached instance of singleton bean 'org.springframework.boot.test.mock.mockito.MockitoBeans'
15:05:09.562 [main] DEBUG org.springframework.test.context.cache.DefaultCacheAwareContextLoaderDelegate - Retrieved ApplicationContext from cache with key [[WebMergedContextConfiguration@62fee9c3 testClass = UserControllerTest, locations = '{}', classes = '{class pizzaOrder.Application}', contextInitializerClasses = '[]', activeProfiles = '{}', propertySourceLocations = '{}', propertySourceProperties = '{}', contextCustomizers = set[org.springframework.boot.test.context.filter.ExcludeFilterContextCustomizer@4a87761d, org.springframework.boot.test.mock.mockito.MockitoContextCustomizer@1bdc315c, org.springframework.boot.test.autoconfigure.properties.PropertyMappingContextCustomizer@0, org.springframework.boot.test.autoconfigure.web.servlet.WebDriverContextCustomizerFactory$Customizer@eb21112, org.springframework.test.context.web.socket.MockServerContainerContextCustomizer@706a04ae], resourceBasePath = 'src/main/webapp', contextLoader = 'org.springframework.test.context.web.WebDelegatingSmartContextLoader', parent = [null]]]
15:05:09.562 [main] DEBUG org.springframework.test.context.cache - Spring test ApplicationContext cache statistics: [DefaultContextCache@6109d880 size = 5, maxSize = 32, parentContextCount = 0, hitCount = 156, missCount = 5]
15:05:09.563 [main] DEBUG org.springframework.test.context.support.AbstractDirtiesContextTestExecutionListener - After test method: context [DefaultTestContext@13453610 testClass = UserControllerTest, testInstance = unit.client.controller.UserControllerTest@2c47135c, testMethod = show_registration_form@UserControllerTest, testException = java.lang.AssertionError: Model attribute 'nonActivatedUser'
Expected: (hasProperty("id", null) and hasProperty("username", null) and hasProperty("password", null) and hasProperty("mail", null) and hasProperty("phone", is <0>) and hasProperty("role", null))
     but: hasProperty("phone", is <0>) property 'phone' was null, mergedContextConfiguration = [WebMergedContextConfiguration@62fee9c3 testClass = UserControllerTest, locations = '{}', classes = '{class pizzaOrder.Application}', contextInitializerClasses = '[]', activeProfiles = '{}', propertySourceLocations = '{}', propertySourceProperties = '{}', contextCustomizers = set[org.springframework.boot.test.context.filter.ExcludeFilterContextCustomizer@4a87761d, org.springframework.boot.test.mock.mockito.MockitoContextCustomizer@1bdc315c, org.springframework.boot.test.autoconfigure.properties.PropertyMappingContextCustomizer@0, org.springframework.boot.test.autoconfigure.web.servlet.WebDriverContextCustomizerFactory$Customizer@eb21112, org.springframework.test.context.web.socket.MockServerContainerContextCustomizer@706a04ae], resourceBasePath = 'src/main/webapp', contextLoader = 'org.springframework.test.context.web.WebDelegatingSmartContextLoader', parent = [null]]], class annotated with @DirtiesContext [false] with mode [null], method annotated with @DirtiesContext [false] with mode [null].
15:05:09.563 [main] DEBUG org.springframework.test.context.web.ServletTestExecutionListener - Resetting RequestContextHolder for test context [DefaultTestContext@13453610 testClass = UserControllerTest, testInstance = unit.client.controller.UserControllerTest@2c47135c, testMethod = show_registration_form@UserControllerTest, testException = java.lang.AssertionError: Model attribute 'nonActivatedUser'
Expected: (hasProperty("id", null) and hasProperty("username", null) and hasProperty("password", null) and hasProperty("mail", null) and hasProperty("phone", is <0>) and hasProperty("role", null))
     but: hasProperty("phone", is <0>) property 'phone' was null, mergedContextConfiguration = [WebMergedContextConfiguration@62fee9c3 testClass = UserControllerTest, locations = '{}', classes = '{class pizzaOrder.Application}', contextInitializerClasses = '[]', activeProfiles = '{}', propertySourceLocations = '{}', propertySourceProperties = '{}', contextCustomizers = set[org.springframework.boot.test.context.filter.ExcludeFilterContextCustomizer@4a87761d, org.springframework.boot.test.mock.mockito.MockitoContextCustomizer@1bdc315c, org.springframework.boot.test.autoconfigure.properties.PropertyMappingContextCustomizer@0, org.springframework.boot.test.autoconfigure.web.servlet.WebDriverContextCustomizerFactory$Customizer@eb21112, org.springframework.test.context.web.socket.MockServerContainerContextCustomizer@706a04ae], resourceBasePath = 'src/main/webapp', contextLoader = 'org.springframework.test.context.web.WebDelegatingSmartContextLoader', parent = [null]]].
]]></system-out>
  </testcase>
  <testcase name="post_new_user_with_validation_error" classname="unit.client.controller.UserControllerTest" time="0.049">
    <failure message="No errors for field: [phone] of attribute [nonActivatedUser]" type="java.lang.AssertionError">java.lang.AssertionError: No errors for field: [phone] of attribute [nonActivatedUser]
	at org.springframework.test.util.AssertionErrors.fail(AssertionErrors.java:35)
	at org.springframework.test.util.AssertionErrors.assertTrue(AssertionErrors.java:65)
	at org.springframework.test.web.servlet.result.ModelResultMatchers$8.match(ModelResultMatchers.java:165)
	at org.springframework.test.web.servlet.MockMvc$1.andExpect(MockMvc.java:171)
	at unit.client.controller.UserControllerTest.post_new_user_with_validation_error(UserControllerTest.java:123)
</failure>
    <system-out><![CDATA[15:05:09.563 [main] DEBUG org.springframework.test.annotation.ProfileValueUtils - Retrieved @ProfileValueSourceConfiguration [null] for test class [unit.client.controller.UserControllerTest]
15:05:09.563 [main] DEBUG org.springframework.test.annotation.ProfileValueUtils - Retrieved ProfileValueSource type [class org.springframework.test.annotation.SystemProfileValueSource] for class [unit.client.controller.UserControllerTest]
15:05:09.563 [main] DEBUG org.springframework.test.context.cache.DefaultCacheAwareContextLoaderDelegate - Retrieved ApplicationContext from cache with key [[WebMergedContextConfiguration@62fee9c3 testClass = UserControllerTest, locations = '{}', classes = '{class pizzaOrder.Application}', contextInitializerClasses = '[]', activeProfiles = '{}', propertySourceLocations = '{}', propertySourceProperties = '{}', contextCustomizers = set[org.springframework.boot.test.context.filter.ExcludeFilterContextCustomizer@4a87761d, org.springframework.boot.test.mock.mockito.MockitoContextCustomizer@1bdc315c, org.springframework.boot.test.autoconfigure.properties.PropertyMappingContextCustomizer@0, org.springframework.boot.test.autoconfigure.web.servlet.WebDriverContextCustomizerFactory$Customizer@eb21112, org.springframework.test.context.web.socket.MockServerContainerContextCustomizer@706a04ae], resourceBasePath = 'src/main/webapp', contextLoader = 'org.springframework.test.context.web.WebDelegatingSmartContextLoader', parent = [null]]]
15:05:09.563 [main] DEBUG org.springframework.test.context.cache - Spring test ApplicationContext cache statistics: [DefaultContextCache@6109d880 size = 5, maxSize = 32, parentContextCount = 0, hitCount = 157, missCount = 5]
15:05:09.564 [main] DEBUG org.springframework.test.context.web.ServletTestExecutionListener - Setting up MockHttpServletRequest, MockHttpServletResponse, ServletWebRequest, and RequestContextHolder for test context [DefaultTestContext@13453610 testClass = UserControllerTest, testInstance = unit.client.controller.UserControllerTest@54d1c9ba, testMethod = [null], testException = [null], mergedContextConfiguration = [WebMergedContextConfiguration@62fee9c3 testClass = UserControllerTest, locations = '{}', classes = '{class pizzaOrder.Application}', contextInitializerClasses = '[]', activeProfiles = '{}', propertySourceLocations = '{}', propertySourceProperties = '{}', contextCustomizers = set[org.springframework.boot.test.context.filter.ExcludeFilterContextCustomizer@4a87761d, org.springframework.boot.test.mock.mockito.MockitoContextCustomizer@1bdc315c, org.springframework.boot.test.autoconfigure.properties.PropertyMappingContextCustomizer@0, org.springframework.boot.test.autoconfigure.web.servlet.WebDriverContextCustomizerFactory$Customizer@eb21112, org.springframework.test.context.web.socket.MockServerContainerContextCustomizer@706a04ae], resourceBasePath = 'src/main/webapp', contextLoader = 'org.springframework.test.context.web.WebDelegatingSmartContextLoader', parent = [null]]].
15:05:09.564 [main] DEBUG org.springframework.test.context.support.DependencyInjectionTestExecutionListener - Performing dependency injection for test context [[DefaultTestContext@13453610 testClass = UserControllerTest, testInstance = unit.client.controller.UserControllerTest@54d1c9ba, testMethod = [null], testException = [null], mergedContextConfiguration = [WebMergedContextConfiguration@62fee9c3 testClass = UserControllerTest, locations = '{}', classes = '{class pizzaOrder.Application}', contextInitializerClasses = '[]', activeProfiles = '{}', propertySourceLocations = '{}', propertySourceProperties = '{}', contextCustomizers = set[org.springframework.boot.test.context.filter.ExcludeFilterContextCustomizer@4a87761d, org.springframework.boot.test.mock.mockito.MockitoContextCustomizer@1bdc315c, org.springframework.boot.test.autoconfigure.properties.PropertyMappingContextCustomizer@0, org.springframework.boot.test.autoconfigure.web.servlet.WebDriverContextCustomizerFactory$Customizer@eb21112, org.springframework.test.context.web.socket.MockServerContainerContextCustomizer@706a04ae], resourceBasePath = 'src/main/webapp', contextLoader = 'org.springframework.test.context.web.WebDelegatingSmartContextLoader', parent = [null]]]].
15:05:09.564 [main] DEBUG org.springframework.test.context.cache.DefaultCacheAwareContextLoaderDelegate - Retrieved ApplicationContext from cache with key [[WebMergedContextConfiguration@62fee9c3 testClass = UserControllerTest, locations = '{}', classes = '{class pizzaOrder.Application}', contextInitializerClasses = '[]', activeProfiles = '{}', propertySourceLocations = '{}', propertySourceProperties = '{}', contextCustomizers = set[org.springframework.boot.test.context.filter.ExcludeFilterContextCustomizer@4a87761d, org.springframework.boot.test.mock.mockito.MockitoContextCustomizer@1bdc315c, org.springframework.boot.test.autoconfigure.properties.PropertyMappingContextCustomizer@0, org.springframework.boot.test.autoconfigure.web.servlet.WebDriverContextCustomizerFactory$Customizer@eb21112, org.springframework.test.context.web.socket.MockServerContainerContextCustomizer@706a04ae], resourceBasePath = 'src/main/webapp', contextLoader = 'org.springframework.test.context.web.WebDelegatingSmartContextLoader', parent = [null]]]
15:05:09.564 [main] DEBUG org.springframework.test.context.cache - Spring test ApplicationContext cache statistics: [DefaultContextCache@6109d880 size = 5, maxSize = 32, parentContextCount = 0, hitCount = 158, missCount = 5]
15:05:09.564 [main] DEBUG org.springframework.beans.factory.annotation.InjectionMetadata - Processing injected element of bean 'unit.client.controller.UserControllerTest': AutowiredFieldElement for private org.springframework.web.context.WebApplicationContext unit.client.controller.UserControllerTest.webApplicationContext
15:05:09.564 [main] DEBUG org.springframework.beans.factory.annotation.InjectionMetadata - Processing injected element of bean 'unit.client.controller.UserControllerTest': AutowiredFieldElement for private org.springframework.security.web.FilterChainProxy unit.client.controller.UserControllerTest.springSecurityFilter
15:05:09.564 [main] DEBUG org.springframework.beans.factory.support.DefaultListableBeanFactory - Returning cached instance of singleton bean 'springSecurityFilterChain'
15:05:09.565 [main] DEBUG org.springframework.test.context.cache.DefaultCacheAwareContextLoaderDelegate - Retrieved ApplicationContext from cache with key [[WebMergedContextConfiguration@62fee9c3 testClass = UserControllerTest, locations = '{}', classes = '{class pizzaOrder.Application}', contextInitializerClasses = '[]', activeProfiles = '{}', propertySourceLocations = '{}', propertySourceProperties = '{}', contextCustomizers = set[org.springframework.boot.test.context.filter.ExcludeFilterContextCustomizer@4a87761d, org.springframework.boot.test.mock.mockito.MockitoContextCustomizer@1bdc315c, org.springframework.boot.test.autoconfigure.properties.PropertyMappingContextCustomizer@0, org.springframework.boot.test.autoconfigure.web.servlet.WebDriverContextCustomizerFactory$Customizer@eb21112, org.springframework.test.context.web.socket.MockServerContainerContextCustomizer@706a04ae], resourceBasePath = 'src/main/webapp', contextLoader = 'org.springframework.test.context.web.WebDelegatingSmartContextLoader', parent = [null]]]
15:05:09.565 [main] DEBUG org.springframework.test.context.cache - Spring test ApplicationContext cache statistics: [DefaultContextCache@6109d880 size = 5, maxSize = 32, parentContextCount = 0, hitCount = 159, missCount = 5]
15:05:09.565 [main] DEBUG org.springframework.beans.factory.support.DefaultListableBeanFactory - Returning cached instance of singleton bean 'org.springframework.boot.test.mock.mockito.MockitoPostProcessor'
15:05:09.565 [main] DEBUG org.springframework.beans.factory.support.DefaultListableBeanFactory - Returning cached instance of singleton bean 'userServiceImpl'
15:05:09.565 [main] DEBUG org.springframework.beans.factory.support.DefaultListableBeanFactory - Returning cached instance of singleton bean 'userValidator'
15:05:09.565 [main] DEBUG org.springframework.test.context.support.AbstractDirtiesContextTestExecutionListener - Before test method: context [DefaultTestContext@13453610 testClass = UserControllerTest, testInstance = unit.client.controller.UserControllerTest@54d1c9ba, testMethod = post_new_user_with_validation_error@UserControllerTest, testException = [null], mergedContextConfiguration = [WebMergedContextConfiguration@62fee9c3 testClass = UserControllerTest, locations = '{}', classes = '{class pizzaOrder.Application}', contextInitializerClasses = '[]', activeProfiles = '{}', propertySourceLocations = '{}', propertySourceProperties = '{}', contextCustomizers = set[org.springframework.boot.test.context.filter.ExcludeFilterContextCustomizer@4a87761d, org.springframework.boot.test.mock.mockito.MockitoContextCustomizer@1bdc315c, org.springframework.boot.test.autoconfigure.properties.PropertyMappingContextCustomizer@0, org.springframework.boot.test.autoconfigure.web.servlet.WebDriverContextCustomizerFactory$Customizer@eb21112, org.springframework.test.context.web.socket.MockServerContainerContextCustomizer@706a04ae], resourceBasePath = 'src/main/webapp', contextLoader = 'org.springframework.test.context.web.WebDelegatingSmartContextLoader', parent = [null]]], class annotated with @DirtiesContext [false] with mode [null], method annotated with @DirtiesContext [false] with mode [null].
15:05:09.566 [main] DEBUG org.springframework.test.context.cache.DefaultCacheAwareContextLoaderDelegate - Retrieved ApplicationContext from cache with key [[WebMergedContextConfiguration@62fee9c3 testClass = UserControllerTest, locations = '{}', classes = '{class pizzaOrder.Application}', contextInitializerClasses = '[]', activeProfiles = '{}', propertySourceLocations = '{}', propertySourceProperties = '{}', contextCustomizers = set[org.springframework.boot.test.context.filter.ExcludeFilterContextCustomizer@4a87761d, org.springframework.boot.test.mock.mockito.MockitoContextCustomizer@1bdc315c, org.springframework.boot.test.autoconfigure.properties.PropertyMappingContextCustomizer@0, org.springframework.boot.test.autoconfigure.web.servlet.WebDriverContextCustomizerFactory$Customizer@eb21112, org.springframework.test.context.web.socket.MockServerContainerContextCustomizer@706a04ae], resourceBasePath = 'src/main/webapp', contextLoader = 'org.springframework.test.context.web.WebDelegatingSmartContextLoader', parent = [null]]]
15:05:09.566 [main] DEBUG org.springframework.test.context.cache - Spring test ApplicationContext cache statistics: [DefaultContextCache@6109d880 size = 5, maxSize = 32, parentContextCount = 0, hitCount = 160, missCount = 5]
15:05:09.567 [main] DEBUG org.springframework.beans.factory.support.DefaultListableBeanFactory - Returning cached instance of singleton bean 'org.springframework.boot.test.mock.mockito.MockitoBeans'
15:05:09.569 [main] DEBUG org.springframework.test.web.servlet.TestDispatcherServlet - Initializing servlet ''
15:05:09.569 [main] DEBUG org.springframework.web.context.support.StandardServletEnvironment - Adding [servletConfigInitParams] PropertySource with lowest search precedence
15:05:09.569 [main] DEBUG org.springframework.web.context.support.StandardServletEnvironment - Adding [servletContextInitParams] PropertySource with lowest search precedence
15:05:09.569 [main] DEBUG org.springframework.web.context.support.StandardServletEnvironment - Adding [systemProperties] PropertySource with lowest search precedence
15:05:09.569 [main] DEBUG org.springframework.web.context.support.StandardServletEnvironment - Adding [systemEnvironment] PropertySource with lowest search precedence
15:05:09.569 [main] DEBUG org.springframework.web.context.support.StandardServletEnvironment - Initialized StandardServletEnvironment with PropertySources [servletConfigInitParams,servletContextInitParams,systemProperties,systemEnvironment]
15:05:09.569 [main] INFO org.springframework.mock.web.MockServletContext - Initializing Spring FrameworkServlet ''
15:05:09.569 [main] INFO org.springframework.test.web.servlet.TestDispatcherServlet - FrameworkServlet '': initialization started
15:05:09.569 [main] DEBUG org.springframework.beans.factory.support.DefaultListableBeanFactory - Returning cached instance of singleton bean 'multipartResolver'
15:05:09.569 [main] DEBUG org.springframework.test.web.servlet.TestDispatcherServlet - Using MultipartResolver [org.springframework.web.multipart.support.StandardServletMultipartResolver@6ddf3c5e]
15:05:09.569 [main] DEBUG org.springframework.beans.factory.support.DefaultListableBeanFactory - Creating instance of bean 'org.springframework.web.servlet.i18n.AcceptHeaderLocaleResolver'
15:05:09.569 [main] DEBUG org.springframework.beans.factory.support.DefaultListableBeanFactory - Finished creating instance of bean 'org.springframework.web.servlet.i18n.AcceptHeaderLocaleResolver'
15:05:09.569 [main] DEBUG org.springframework.test.web.servlet.TestDispatcherServlet - Unable to locate LocaleResolver with name 'localeResolver': using default [org.springframework.web.servlet.i18n.AcceptHeaderLocaleResolver@3e590067]
15:05:09.569 [main] DEBUG org.springframework.beans.factory.support.DefaultListableBeanFactory - Creating instance of bean 'org.springframework.web.servlet.theme.FixedThemeResolver'
15:05:09.569 [main] DEBUG org.springframework.beans.factory.support.DefaultListableBeanFactory - Finished creating instance of bean 'org.springframework.web.servlet.theme.FixedThemeResolver'
15:05:09.569 [main] DEBUG org.springframework.test.web.servlet.TestDispatcherServlet - Unable to locate ThemeResolver with name 'themeResolver': using default [org.springframework.web.servlet.theme.FixedThemeResolver@2a0c9309]
15:05:09.570 [main] DEBUG org.springframework.beans.factory.support.DefaultListableBeanFactory - Returning cached instance of singleton bean 'requestMappingHandlerMapping'
15:05:09.570 [main] DEBUG org.springframework.beans.factory.support.DefaultListableBeanFactory - Returning cached instance of singleton bean 'viewControllerHandlerMapping'
15:05:09.570 [main] DEBUG org.springframework.beans.factory.support.DefaultListableBeanFactory - Returning cached instance of singleton bean 'beanNameHandlerMapping'
15:05:09.570 [main] DEBUG org.springframework.beans.factory.support.DefaultListableBeanFactory - Returning cached instance of singleton bean 'resourceHandlerMapping'
15:05:09.570 [main] DEBUG org.springframework.beans.factory.support.DefaultListableBeanFactory - Returning cached instance of singleton bean 'defaultServletHandlerMapping'
15:05:09.570 [main] DEBUG org.springframework.beans.factory.support.DefaultListableBeanFactory - Returning cached instance of singleton bean 'faviconHandlerMapping'
15:05:09.570 [main] DEBUG org.springframework.beans.factory.support.DefaultListableBeanFactory - Returning cached instance of singleton bean 'welcomePageHandlerMapping'
15:05:09.570 [main] DEBUG org.springframework.beans.factory.support.DefaultListableBeanFactory - Returning cached instance of singleton bean 'restHandlerMapping'
15:05:09.571 [main] DEBUG org.springframework.beans.factory.support.DefaultListableBeanFactory - Returning cached instance of singleton bean 'requestMappingHandlerAdapter'
15:05:09.571 [main] DEBUG org.springframework.beans.factory.support.DefaultListableBeanFactory - Returning cached instance of singleton bean 'httpRequestHandlerAdapter'
15:05:09.571 [main] DEBUG org.springframework.beans.factory.support.DefaultListableBeanFactory - Returning cached instance of singleton bean 'simpleControllerHandlerAdapter'
15:05:09.571 [main] DEBUG org.springframework.beans.factory.support.DefaultListableBeanFactory - Returning cached instance of singleton bean 'repositoryExporterHandlerAdapter'
15:05:09.571 [main] DEBUG org.springframework.beans.factory.support.DefaultListableBeanFactory - Returning cached instance of singleton bean 'errorAttributes'
15:05:09.571 [main] DEBUG org.springframework.beans.factory.support.DefaultListableBeanFactory - Returning cached instance of singleton bean 'handlerExceptionResolver'
15:05:09.571 [main] DEBUG org.springframework.beans.factory.support.DefaultListableBeanFactory - Returning cached instance of singleton bean 'exceptionHandlerExceptionResolver'
15:05:09.571 [main] DEBUG org.springframework.beans.factory.support.DefaultListableBeanFactory - Creating instance of bean 'org.springframework.web.servlet.view.DefaultRequestToViewNameTranslator'
15:05:09.571 [main] DEBUG org.springframework.beans.factory.support.DefaultListableBeanFactory - Finished creating instance of bean 'org.springframework.web.servlet.view.DefaultRequestToViewNameTranslator'
15:05:09.571 [main] DEBUG org.springframework.test.web.servlet.TestDispatcherServlet - Unable to locate RequestToViewNameTranslator with name 'viewNameTranslator': using default [org.springframework.web.servlet.view.DefaultRequestToViewNameTranslator@4835e10a]
15:05:09.572 [main] DEBUG org.springframework.beans.factory.support.DefaultListableBeanFactory - Returning cached instance of singleton bean 'beanNameViewResolver'
15:05:09.572 [main] DEBUG org.springframework.beans.factory.support.DefaultListableBeanFactory - Returning cached instance of singleton bean 'mvcViewResolver'
15:05:09.572 [main] DEBUG org.springframework.beans.factory.support.DefaultListableBeanFactory - Returning cached instance of singleton bean 'defaultViewResolver'
15:05:09.572 [main] DEBUG org.springframework.beans.factory.support.DefaultListableBeanFactory - Returning cached instance of singleton bean 'viewResolver'
15:05:09.572 [main] DEBUG org.springframework.beans.factory.support.DefaultListableBeanFactory - Returning cached instance of singleton bean 'thymeleafViewResolver'
15:05:09.572 [main] DEBUG org.springframework.beans.factory.support.DefaultListableBeanFactory - Creating instance of bean 'org.springframework.web.servlet.support.SessionFlashMapManager'
15:05:09.572 [main] DEBUG org.springframework.beans.factory.support.DefaultListableBeanFactory - Finished creating instance of bean 'org.springframework.web.servlet.support.SessionFlashMapManager'
15:05:09.572 [main] DEBUG org.springframework.test.web.servlet.TestDispatcherServlet - Unable to locate FlashMapManager with name 'flashMapManager': using default [org.springframework.web.servlet.support.SessionFlashMapManager@50f88cea]
15:05:09.572 [main] DEBUG org.springframework.test.web.servlet.TestDispatcherServlet - Published WebApplicationContext of servlet '' as ServletContext attribute with name [org.springframework.web.servlet.FrameworkServlet.CONTEXT.]
15:05:09.572 [main] INFO org.springframework.test.web.servlet.TestDispatcherServlet - FrameworkServlet '': initialization completed in 3 ms
15:05:09.572 [main] DEBUG org.springframework.test.web.servlet.TestDispatcherServlet - Servlet '' configured successfully
15:05:09.572 [main] DEBUG org.springframework.security.web.FilterChainProxy - /registration at position 1 of 11 in additional filter chain; firing Filter: 'WebAsyncManagerIntegrationFilter'
15:05:09.572 [main] DEBUG org.springframework.security.web.FilterChainProxy - /registration at position 2 of 11 in additional filter chain; firing Filter: 'SecurityContextPersistenceFilter'
15:05:09.572 [main] DEBUG org.springframework.security.web.context.HttpSessionSecurityContextRepository - HttpSession returned null object for SPRING_SECURITY_CONTEXT
15:05:09.572 [main] DEBUG org.springframework.security.web.context.HttpSessionSecurityContextRepository - No SecurityContext was available from the HttpSession: org.springframework.mock.web.MockHttpSession@2654f4aa. A new one will be created.
15:05:09.572 [main] DEBUG org.springframework.security.web.FilterChainProxy - /registration at position 3 of 11 in additional filter chain; firing Filter: 'HeaderWriterFilter'
15:05:09.572 [main] DEBUG org.springframework.security.web.header.writers.HstsHeaderWriter - Not injecting HSTS header since it did not match the requestMatcher org.springframework.security.web.header.writers.HstsHeaderWriter$SecureRequestMatcher@5c47ef5f
15:05:09.572 [main] DEBUG org.springframework.security.web.FilterChainProxy - /registration at position 4 of 11 in additional filter chain; firing Filter: 'LogoutFilter'
15:05:09.572 [main] DEBUG org.springframework.security.web.util.matcher.OrRequestMatcher - Trying to match using Ant [pattern='/logout', GET]
15:05:09.572 [main] DEBUG org.springframework.security.web.util.matcher.AntPathRequestMatcher - Request 'POST /registration' doesn't match 'GET /logout
15:05:09.572 [main] DEBUG org.springframework.security.web.util.matcher.OrRequestMatcher - Trying to match using Ant [pattern='/logout', POST]
15:05:09.572 [main] DEBUG org.springframework.security.web.util.matcher.AntPathRequestMatcher - Checking match of request : '/registration'; against '/logout'
15:05:09.572 [main] DEBUG org.springframework.security.web.util.matcher.OrRequestMatcher - Trying to match using Ant [pattern='/logout', PUT]
15:05:09.572 [main] DEBUG org.springframework.security.web.util.matcher.AntPathRequestMatcher - Request 'POST /registration' doesn't match 'PUT /logout
15:05:09.572 [main] DEBUG org.springframework.security.web.util.matcher.OrRequestMatcher - Trying to match using Ant [pattern='/logout', DELETE]
15:05:09.572 [main] DEBUG org.springframework.security.web.util.matcher.AntPathRequestMatcher - Request 'POST /registration' doesn't match 'DELETE /logout
15:05:09.572 [main] DEBUG org.springframework.security.web.util.matcher.OrRequestMatcher - No matches found
15:05:09.572 [main] DEBUG org.springframework.security.web.FilterChainProxy - /registration at position 5 of 11 in additional filter chain; firing Filter: 'UsernamePasswordAuthenticationFilter'
15:05:09.572 [main] DEBUG org.springframework.security.web.util.matcher.AntPathRequestMatcher - Checking match of request : '/registration'; against '/login'
15:05:09.572 [main] DEBUG org.springframework.security.web.FilterChainProxy - /registration at position 6 of 11 in additional filter chain; firing Filter: 'RequestCacheAwareFilter'
15:05:09.572 [main] DEBUG org.springframework.security.web.FilterChainProxy - /registration at position 7 of 11 in additional filter chain; firing Filter: 'SecurityContextHolderAwareRequestFilter'
15:05:09.572 [main] DEBUG org.springframework.security.web.FilterChainProxy - /registration at position 8 of 11 in additional filter chain; firing Filter: 'AnonymousAuthenticationFilter'
15:05:09.572 [main] DEBUG org.springframework.security.web.authentication.AnonymousAuthenticationFilter - Populated SecurityContextHolder with anonymous token: 'org.springframework.security.authentication.AnonymousAuthenticationToken@90572420: Principal: anonymousUser; Credentials: [PROTECTED]; Authenticated: true; Details: org.springframework.security.web.authentication.WebAuthenticationDetails@255f8: RemoteIpAddress: 127.0.0.1; SessionId: 5; Granted Authorities: ROLE_ANONYMOUS'
15:05:09.573 [main] DEBUG org.springframework.security.web.FilterChainProxy - /registration at position 9 of 11 in additional filter chain; firing Filter: 'SessionManagementFilter'
15:05:09.573 [main] DEBUG org.springframework.security.web.FilterChainProxy - /registration at position 10 of 11 in additional filter chain; firing Filter: 'ExceptionTranslationFilter'
15:05:09.573 [main] DEBUG org.springframework.security.web.FilterChainProxy - /registration at position 11 of 11 in additional filter chain; firing Filter: 'FilterSecurityInterceptor'
15:05:09.573 [main] DEBUG org.springframework.security.web.util.matcher.OrRequestMatcher - Trying to match using Ant [pattern='/logout', GET]
15:05:09.573 [main] DEBUG org.springframework.security.web.util.matcher.AntPathRequestMatcher - Request 'POST /registration' doesn't match 'GET /logout
15:05:09.573 [main] DEBUG org.springframework.security.web.util.matcher.OrRequestMatcher - Trying to match using Ant [pattern='/logout', POST]
15:05:09.573 [main] DEBUG org.springframework.security.web.util.matcher.AntPathRequestMatcher - Checking match of request : '/registration'; against '/logout'
15:05:09.573 [main] DEBUG org.springframework.security.web.util.matcher.OrRequestMatcher - Trying to match using Ant [pattern='/logout', PUT]
15:05:09.573 [main] DEBUG org.springframework.security.web.util.matcher.AntPathRequestMatcher - Request 'POST /registration' doesn't match 'PUT /logout
15:05:09.573 [main] DEBUG org.springframework.security.web.util.matcher.OrRequestMatcher - Trying to match using Ant [pattern='/logout', DELETE]
15:05:09.573 [main] DEBUG org.springframework.security.web.util.matcher.AntPathRequestMatcher - Request 'POST /registration' doesn't match 'DELETE /logout
15:05:09.573 [main] DEBUG org.springframework.security.web.util.matcher.OrRequestMatcher - No matches found
15:05:09.573 [main] DEBUG org.springframework.security.web.util.matcher.AntPathRequestMatcher - Checking match of request : '/registration'; against '/users/**'
15:05:09.573 [main] DEBUG org.springframework.security.web.util.matcher.AntPathRequestMatcher - Checking match of request : '/registration'; against '/registration'
15:05:09.573 [main] DEBUG org.springframework.security.web.access.intercept.FilterSecurityInterceptor - Secure object: FilterInvocation: URL: /registration; Attributes: [permitAll]
15:05:09.573 [main] DEBUG org.springframework.security.web.access.intercept.FilterSecurityInterceptor - Previously Authenticated: org.springframework.security.authentication.AnonymousAuthenticationToken@90572420: Principal: anonymousUser; Credentials: [PROTECTED]; Authenticated: true; Details: org.springframework.security.web.authentication.WebAuthenticationDetails@255f8: RemoteIpAddress: 127.0.0.1; SessionId: 5; Granted Authorities: ROLE_ANONYMOUS
15:05:09.573 [main] DEBUG org.springframework.security.access.vote.AffirmativeBased - Voter: org.springframework.security.web.access.expression.WebExpressionVoter@2f04c1f3, returned: 1
15:05:09.573 [main] DEBUG org.springframework.security.web.access.intercept.FilterSecurityInterceptor - Authorization successful
15:05:09.573 [main] DEBUG org.springframework.security.web.access.intercept.FilterSecurityInterceptor - RunAsManager did not change Authentication object
15:05:09.573 [main] DEBUG org.springframework.security.web.FilterChainProxy - /registration reached end of additional filter chain; proceeding with original chain
15:05:09.573 [main] DEBUG org.springframework.test.web.servlet.TestDispatcherServlet - DispatcherServlet with name '' processing POST request for [/registration]
15:05:09.573 [main] DEBUG org.springframework.web.servlet.mvc.method.annotation.RequestMappingHandlerMapping - Looking up handler method for path /registration
15:05:09.573 [main] DEBUG org.springframework.web.servlet.mvc.method.annotation.RequestMappingHandlerMapping - Returning handler method [public java.lang.String pizzaOrder.client.controller.UserController.registration(pizzaOrder.restService.model.nonActivatedUsers.NonActivatedUser,org.springframework.validation.BindingResult,org.springframework.ui.Model) throws javax.mail.MessagingException]
15:05:09.573 [main] DEBUG org.springframework.beans.factory.support.DefaultListableBeanFactory - Returning cached instance of singleton bean 'userController'
15:05:09.573 [main] DEBUG org.springframework.orm.jpa.support.OpenEntityManagerInViewInterceptor - Opening JPA EntityManager in OpenEntityManagerInViewInterceptor
15:05:09.597 [main] DEBUG org.hibernate.validator.resourceloading.PlatformResourceBundleLocator - ValidationMessages not found.
15:05:09.599 [main] DEBUG org.hibernate.validator.resourceloading.PlatformResourceBundleLocator - ContributorValidationMessages not found.
15:05:09.601 [main] DEBUG org.hibernate.validator.resourceloading.PlatformResourceBundleLocator - org.hibernate.validator.ValidationMessages found.
15:05:09.609 [main] DEBUG org.hibernate.validator.resourceloading.PlatformResourceBundleLocator - ValidationMessages not found.
15:05:09.609 [main] DEBUG org.hibernate.validator.resourceloading.PlatformResourceBundleLocator - ContributorValidationMessages not found.
15:05:09.609 [main] DEBUG org.hibernate.validator.resourceloading.PlatformResourceBundleLocator - org.hibernate.validator.ValidationMessages found.
15:05:09.609 [main] DEBUG org.hibernate.validator.resourceloading.PlatformResourceBundleLocator - ValidationMessages not found.
15:05:09.610 [main] DEBUG org.hibernate.validator.resourceloading.PlatformResourceBundleLocator - ContributorValidationMessages not found.
15:05:09.610 [main] DEBUG org.hibernate.validator.resourceloading.PlatformResourceBundleLocator - org.hibernate.validator.ValidationMessages found.
15:05:09.610 [main] DEBUG org.hibernate.validator.resourceloading.PlatformResourceBundleLocator - ValidationMessages not found.
15:05:09.610 [main] DEBUG org.hibernate.validator.resourceloading.PlatformResourceBundleLocator - ContributorValidationMessages not found.
15:05:09.610 [main] DEBUG org.hibernate.validator.resourceloading.PlatformResourceBundleLocator - org.hibernate.validator.ValidationMessages found.
15:05:09.613 [main] DEBUG org.springframework.web.servlet.view.ContentNegotiatingViewResolver - Requested media types are [*/*] based on Accept header types and producible media types [*/*])
15:05:09.613 [main] DEBUG org.springframework.web.servlet.view.BeanNameViewResolver - No matching bean found for view name 'register'
15:05:09.613 [main] DEBUG org.springframework.web.servlet.view.ContentNegotiatingViewResolver - Returning [org.thymeleaf.spring4.view.ThymeleafView@187b33de] based on requested media type '*/*'
15:05:09.613 [main] DEBUG org.springframework.test.web.servlet.TestDispatcherServlet - Rendering view [org.thymeleaf.spring4.view.ThymeleafView@187b33de] in DispatcherServlet with name ''
15:05:09.613 [main] DEBUG org.springframework.beans.factory.support.DefaultListableBeanFactory - Returning cached instance of singleton bean 'requestDataValueProcessor'
15:05:09.613 [main] DEBUG org.thymeleaf.TemplateEngine - [THYMELEAF][main] STARTING PROCESS OF TEMPLATE "register" WITH LOCALE en
15:05:09.614 [main] DEBUG org.thymeleaf.TemplateEngine - [THYMELEAF][main] Starting process on template "register" using mode "HTML5"
15:05:09.617 [main] DEBUG org.thymeleaf.TemplateEngine - [THYMELEAF][main] Finished process on template "register" using mode "HTML5"
15:05:09.618 [main] DEBUG org.springframework.security.web.context.HttpSessionSecurityContextRepository - SecurityContext is empty or contents are anonymous - context will not be stored in HttpSession.
15:05:09.618 [main] DEBUG org.thymeleaf.TemplateEngine - [THYMELEAF][main] FINISHED PROCESS AND OUTPUT OF TEMPLATE "register" WITH LOCALE en
15:05:09.618 [main] DEBUG org.thymeleaf.TemplateEngine.TIMER - [THYMELEAF][main][register][en][4981289][5] TEMPLATE "register" WITH LOCALE en PROCESSED IN 4981289 nanoseconds (approx. 5ms)
15:05:09.618 [main] DEBUG org.springframework.orm.jpa.support.OpenEntityManagerInViewInterceptor - Closing JPA EntityManager in OpenEntityManagerInViewInterceptor
15:05:09.619 [main] DEBUG org.springframework.orm.jpa.EntityManagerFactoryUtils - Closing JPA EntityManager
15:05:09.619 [main] DEBUG org.springframework.test.web.servlet.TestDispatcherServlet - Successfully completed request
15:05:09.619 [main] DEBUG org.springframework.security.web.access.ExceptionTranslationFilter - Chain processed normally
15:05:09.619 [main] DEBUG org.springframework.security.web.context.SecurityContextPersistenceFilter - SecurityContextHolder now cleared, as request processing completed
15:05:09.621 [main] DEBUG org.springframework.test.context.cache.DefaultCacheAwareContextLoaderDelegate - Retrieved ApplicationContext from cache with key [[WebMergedContextConfiguration@62fee9c3 testClass = UserControllerTest, locations = '{}', classes = '{class pizzaOrder.Application}', contextInitializerClasses = '[]', activeProfiles = '{}', propertySourceLocations = '{}', propertySourceProperties = '{}', contextCustomizers = set[org.springframework.boot.test.context.filter.ExcludeFilterContextCustomizer@4a87761d, org.springframework.boot.test.mock.mockito.MockitoContextCustomizer@1bdc315c, org.springframework.boot.test.autoconfigure.properties.PropertyMappingContextCustomizer@0, org.springframework.boot.test.autoconfigure.web.servlet.WebDriverContextCustomizerFactory$Customizer@eb21112, org.springframework.test.context.web.socket.MockServerContainerContextCustomizer@706a04ae], resourceBasePath = 'src/main/webapp', contextLoader = 'org.springframework.test.context.web.WebDelegatingSmartContextLoader', parent = [null]]]
15:05:09.621 [main] DEBUG org.springframework.test.context.cache - Spring test ApplicationContext cache statistics: [DefaultContextCache@6109d880 size = 5, maxSize = 32, parentContextCount = 0, hitCount = 161, missCount = 5]
15:05:09.622 [main] DEBUG org.springframework.test.context.cache.DefaultCacheAwareContextLoaderDelegate - Retrieved ApplicationContext from cache with key [[WebMergedContextConfiguration@62fee9c3 testClass = UserControllerTest, locations = '{}', classes = '{class pizzaOrder.Application}', contextInitializerClasses = '[]', activeProfiles = '{}', propertySourceLocations = '{}', propertySourceProperties = '{}', contextCustomizers = set[org.springframework.boot.test.context.filter.ExcludeFilterContextCustomizer@4a87761d, org.springframework.boot.test.mock.mockito.MockitoContextCustomizer@1bdc315c, org.springframework.boot.test.autoconfigure.properties.PropertyMappingContextCustomizer@0, org.springframework.boot.test.autoconfigure.web.servlet.WebDriverContextCustomizerFactory$Customizer@eb21112, org.springframework.test.context.web.socket.MockServerContainerContextCustomizer@706a04ae], resourceBasePath = 'src/main/webapp', contextLoader = 'org.springframework.test.context.web.WebDelegatingSmartContextLoader', parent = [null]]]
15:05:09.622 [main] DEBUG org.springframework.test.context.cache - Spring test ApplicationContext cache statistics: [DefaultContextCache@6109d880 size = 5, maxSize = 32, parentContextCount = 0, hitCount = 162, missCount = 5]
15:05:09.623 [main] DEBUG org.springframework.test.context.cache.DefaultCacheAwareContextLoaderDelegate - Retrieved ApplicationContext from cache with key [[WebMergedContextConfiguration@62fee9c3 testClass = UserControllerTest, locations = '{}', classes = '{class pizzaOrder.Application}', contextInitializerClasses = '[]', activeProfiles = '{}', propertySourceLocations = '{}', propertySourceProperties = '{}', contextCustomizers = set[org.springframework.boot.test.context.filter.ExcludeFilterContextCustomizer@4a87761d, org.springframework.boot.test.mock.mockito.MockitoContextCustomizer@1bdc315c, org.springframework.boot.test.autoconfigure.properties.PropertyMappingContextCustomizer@0, org.springframework.boot.test.autoconfigure.web.servlet.WebDriverContextCustomizerFactory$Customizer@eb21112, org.springframework.test.context.web.socket.MockServerContainerContextCustomizer@706a04ae], resourceBasePath = 'src/main/webapp', contextLoader = 'org.springframework.test.context.web.WebDelegatingSmartContextLoader', parent = [null]]]
15:05:09.623 [main] DEBUG org.springframework.test.context.cache - Spring test ApplicationContext cache statistics: [DefaultContextCache@6109d880 size = 5, maxSize = 32, parentContextCount = 0, hitCount = 163, missCount = 5]
15:05:09.624 [main] DEBUG org.springframework.beans.factory.support.DefaultListableBeanFactory - Returning cached instance of singleton bean 'org.springframework.boot.test.mock.mockito.MockitoBeans'
15:05:09.624 [main] DEBUG org.springframework.test.context.cache.DefaultCacheAwareContextLoaderDelegate - Retrieved ApplicationContext from cache with key [[WebMergedContextConfiguration@62fee9c3 testClass = UserControllerTest, locations = '{}', classes = '{class pizzaOrder.Application}', contextInitializerClasses = '[]', activeProfiles = '{}', propertySourceLocations = '{}', propertySourceProperties = '{}', contextCustomizers = set[org.springframework.boot.test.context.filter.ExcludeFilterContextCustomizer@4a87761d, org.springframework.boot.test.mock.mockito.MockitoContextCustomizer@1bdc315c, org.springframework.boot.test.autoconfigure.properties.PropertyMappingContextCustomizer@0, org.springframework.boot.test.autoconfigure.web.servlet.WebDriverContextCustomizerFactory$Customizer@eb21112, org.springframework.test.context.web.socket.MockServerContainerContextCustomizer@706a04ae], resourceBasePath = 'src/main/webapp', contextLoader = 'org.springframework.test.context.web.WebDelegatingSmartContextLoader', parent = [null]]]
15:05:09.624 [main] DEBUG org.springframework.test.context.cache - Spring test ApplicationContext cache statistics: [DefaultContextCache@6109d880 size = 5, maxSize = 32, parentContextCount = 0, hitCount = 164, missCount = 5]
15:05:09.625 [main] DEBUG org.springframework.test.context.support.AbstractDirtiesContextTestExecutionListener - After test method: context [DefaultTestContext@13453610 testClass = UserControllerTest, testInstance = unit.client.controller.UserControllerTest@54d1c9ba, testMethod = post_new_user_with_validation_error@UserControllerTest, testException = java.lang.AssertionError: No errors for field: [phone] of attribute [nonActivatedUser], mergedContextConfiguration = [WebMergedContextConfiguration@62fee9c3 testClass = UserControllerTest, locations = '{}', classes = '{class pizzaOrder.Application}', contextInitializerClasses = '[]', activeProfiles = '{}', propertySourceLocations = '{}', propertySourceProperties = '{}', contextCustomizers = set[org.springframework.boot.test.context.filter.ExcludeFilterContextCustomizer@4a87761d, org.springframework.boot.test.mock.mockito.MockitoContextCustomizer@1bdc315c, org.springframework.boot.test.autoconfigure.properties.PropertyMappingContextCustomizer@0, org.springframework.boot.test.autoconfigure.web.servlet.WebDriverContextCustomizerFactory$Customizer@eb21112, org.springframework.test.context.web.socket.MockServerContainerContextCustomizer@706a04ae], resourceBasePath = 'src/main/webapp', contextLoader = 'org.springframework.test.context.web.WebDelegatingSmartContextLoader', parent = [null]]], class annotated with @DirtiesContext [false] with mode [null], method annotated with @DirtiesContext [false] with mode [null].
15:05:09.625 [main] DEBUG org.springframework.test.context.web.ServletTestExecutionListener - Resetting RequestContextHolder for test context [DefaultTestContext@13453610 testClass = UserControllerTest, testInstance = unit.client.controller.UserControllerTest@54d1c9ba, testMethod = post_new_user_with_validation_error@UserControllerTest, testException = java.lang.AssertionError: No errors for field: [phone] of attribute [nonActivatedUser], mergedContextConfiguration = [WebMergedContextConfiguration@62fee9c3 testClass = UserControllerTest, locations = '{}', classes = '{class pizzaOrder.Application}', contextInitializerClasses = '[]', activeProfiles = '{}', propertySourceLocations = '{}', propertySourceProperties = '{}', contextCustomizers = set[org.springframework.boot.test.context.filter.ExcludeFilterContextCustomizer@4a87761d, org.springframework.boot.test.mock.mockito.MockitoContextCustomizer@1bdc315c, org.springframework.boot.test.autoconfigure.properties.PropertyMappingContextCustomizer@0, org.springframework.boot.test.autoconfigure.web.servlet.WebDriverContextCustomizerFactory$Customizer@eb21112, org.springframework.test.context.web.socket.MockServerContainerContextCustomizer@706a04ae], resourceBasePath = 'src/main/webapp', contextLoader = 'org.springframework.test.context.web.WebDelegatingSmartContextLoader', parent = [null]]].
]]></system-out>
  </testcase>
  <testcase name="activate_user" classname="unit.client.controller.UserControllerTest" time="0.041"/>
</testsuite>