<?xml version="1.0" encoding="UTF-8"?>
<testsuite name="unit.client.service.UserServiceTest" time="0" tests="3" errors="1" skipped="0" failures="0">
  <properties>
    <property name="java.runtime.name" value="Java(TM) SE Runtime Environment"/>
    <property name="sun.boot.library.path" value="E:\JAVA JDK\jre\bin"/>
    <property name="java.vm.version" value="25.121-b13"/>
    <property name="java.vm.vendor" value="Oracle Corporation"/>
    <property name="maven.multiModuleProjectDirectory" value="E:\PizzaOrder\RestService"/>
    <property name="java.vendor.url" value="http://java.oracle.com/"/>
    <property name="path.separator" value=";"/>
    <property name="guice.disable.misplaced.annotation.check" value="true"/>
    <property name="java.vm.name" value="Java HotSpot(TM) 64-Bit Server VM"/>
    <property name="file.encoding.pkg" value="sun.io"/>
    <property name="user.script" value=""/>
    <property name="user.country" value="US"/>
    <property name="sun.java.launcher" value="SUN_STANDARD"/>
    <property name="sun.os.patch.level" value=""/>
    <property name="java.vm.specification.name" value="Java Virtual Machine Specification"/>
    <property name="user.dir" value="E:\PizzaOrder\RestService"/>
    <property name="java.runtime.version" value="1.8.0_121-b13"/>
    <property name="java.awt.graphicsenv" value="sun.awt.Win32GraphicsEnvironment"/>
    <property name="java.endorsed.dirs" value="E:\JAVA JDK\jre\lib\endorsed"/>
    <property name="os.arch" value="amd64"/>
    <property name="java.io.tmpdir" value="C:\Users\Jakub\AppData\Local\Temp\"/>
    <property name="line.separator" value="&#10;"/>
    <property name="java.vm.specification.vendor" value="Oracle Corporation"/>
    <property name="user.variant" value=""/>
    <property name="os.name" value="Windows 8.1"/>
    <property name="classworlds.conf" value="E:\Maven\bin\..\bin\m2.conf"/>
    <property name="sun.jnu.encoding" value="Cp1250"/>
    <property name="java.library.path" value="E:\JAVA JDK\bin;C:\Windows\Sun\Java\bin;C:\Windows\system32;C:\Windows;C:\Users\Jakub\Desktop\cmder\bin;C:\Users\Jakub\Desktop\cmder\vendor\conemu-maximus5\ConEmu\Scripts;C:\Users\Jakub\Desktop\cmder\vendor\conemu-maximus5;C:\Users\Jakub\Desktop\cmder\vendor\conemu-maximus5\ConEmu;E:\Spring cli\spring-boot-cli-1.5.2.RELEASE-bin\spring-1.5.2.RELEASE\bin;E:\spring-roo-1.3.2.RELEASE\spring-roo-1.3.2.RELEASE\bin;C:\ProgramData\Oracle\Java\javapath;C:\Program Files (x86)\NVIDIA Corporation\PhysX\Common;C:\Windows\system32;C:\Windows;C:\Windows\System32\Wbem;C:\Windows\System32\WindowsPowerShell\v1.0\;C:\Program Files (x86)\AMD\ATI.ACE\Core-Static;E:\JAVA JDK\bin;C:\Program Files\MySQL\MySQL Utilities 1.6\;E:\Git\cmd;C:\Program Files (x86)\Skype\Phone\;E:\Maven\bin;E:\Spring cli\spring-boot-cli-1.5.2.RELEASE-bin\spring-1.5.2.RELEASE\bin;E:\Heroku\bin;E:\Ruby23-x64\bin;C:\Program Files\PostgreSQL\9.6\bin;E:\Git\usr\bin;E:\Git\usr\share\vim\vim74;C:\Users\Jakub\Desktop\cmder\;."/>
    <property name="java.specification.name" value="Java Platform API Specification"/>
    <property name="java.class.version" value="52.0"/>
    <property name="sun.management.compiler" value="HotSpot 64-Bit Tiered Compilers"/>
    <property name="os.version" value="6.3"/>
    <property name="user.home" value="C:\Users\Jakub"/>
    <property name="user.timezone" value="Europe/Belgrade"/>
    <property name="java.awt.printerjob" value="sun.awt.windows.WPrinterJob"/>
    <property name="java.specification.version" value="1.8"/>
    <property name="file.encoding" value="Cp1250"/>
    <property name="user.name" value="Jakub"/>
    <property name="java.class.path" value="E:\Maven\bin\..\boot\plexus-classworlds-2.5.2.jar"/>
    <property name="java.vm.specification.version" value="1.8"/>
    <property name="sun.arch.data.model" value="64"/>
    <property name="java.home" value="E:\JAVA JDK\jre"/>
    <property name="sun.java.command" value="org.codehaus.plexus.classworlds.launcher.Launcher package"/>
    <property name="java.specification.vendor" value="Oracle Corporation"/>
    <property name="user.language" value="en"/>
    <property name="awt.toolkit" value="sun.awt.windows.WToolkit"/>
    <property name="java.vm.info" value="mixed mode"/>
    <property name="java.version" value="1.8.0_121"/>
    <property name="java.ext.dirs" value="E:\JAVA JDK\jre\lib\ext;C:\Windows\Sun\Java\lib\ext"/>
    <property name="sun.boot.class.path" value="E:\JAVA JDK\jre\lib\resources.jar;E:\JAVA JDK\jre\lib\rt.jar;E:\JAVA JDK\jre\lib\sunrsasign.jar;E:\JAVA JDK\jre\lib\jsse.jar;E:\JAVA JDK\jre\lib\jce.jar;E:\JAVA JDK\jre\lib\charsets.jar;E:\JAVA JDK\jre\lib\jfr.jar;E:\JAVA JDK\jre\classes"/>
    <property name="sun.stderr.encoding" value="cp852"/>
    <property name="java.vendor" value="Oracle Corporation"/>
    <property name="maven.home" value="E:\Maven\bin\.."/>
    <property name="file.separator" value="\"/>
    <property name="java.vendor.url.bug" value="http://bugreport.sun.com/bugreport/"/>
    <property name="sun.cpu.endian" value="little"/>
    <property name="sun.io.unicode.encoding" value="UnicodeLittle"/>
    <property name="sun.stdout.encoding" value="cp852"/>
    <property name="sun.desktop" value="windows"/>
    <property name="sun.cpu.isalist" value="amd64"/>
  </properties>
  <testcase name="check_if_service_changes_nonActivatedUser_id_after_posting_to_db" classname="unit.client.service.UserServiceTest" time="0">
    <error type="java.lang.NullPointerException:"><![CDATA[java.lang.NullPointerException: null
	at org.springframework.mail.javamail.MimeMessageHelper.createMimeMultiparts(MimeMessageHelper.java:344)
	at org.springframework.mail.javamail.MimeMessageHelper.<init>(MimeMessageHelper.java:290)
	at org.springframework.mail.javamail.MimeMessageHelper.<init>(MimeMessageHelper.java:247)
	at org.springframework.mail.javamail.MimeMessageHelper.<init>(MimeMessageHelper.java:226)
	at pizzaOrder.client.service.implementation.UserServiceImpl.sendActivatingMail(UserServiceImpl.java:63)
	at pizzaOrder.client.service.implementation.UserServiceImpl.addNonActivatedUser(UserServiceImpl.java:52)
	at unit.client.service.UserServiceTest.check_if_service_changes_nonActivatedUser_id_after_posting_to_db(UserServiceTest.java:91)
]]></error>
  </testcase>
  <testcase name="authenticate_user" classname="unit.client.service.UserServiceTest" time="0"/>
  <testcase name="get_actual_user_id" classname="unit.client.service.UserServiceTest" time="0"/>
</testsuite>